
  .   ____          _            __ _ _
 /\\ / ___'_ __ _ _(_)_ __  __ _ \ \ \ \
( ( )\___ | '_ | '_| | '_ \/ _` | \ \ \ \
 \\/  ___)| |_)| | | | | || (_| |  ) ) ) )
  '  |____| .__|_| |_|_| |_\__, | / / / /
 =========|_|==============|___/=/_/_/_/

 :: Spring Boot ::                (v3.3.5)

2024-11-02T00:51:15.621+05:30  INFO 15028 --- [EngineProjectE6-1] [           main] c.a.E.EngineProjectE61Application        : Starting EngineProjectE61Application v0.0.1-SNAPSHOT using Java 17.0.12 with PID 15028 (C:\Users\aakas\Documents\source_code\EngineProjectE6-1\EngineProject.jar started by aakas in C:\Users\aakas\Documents\source_code\EngineProjectE6-1)
2024-11-02T00:51:15.637+05:30  INFO 15028 --- [EngineProjectE6-1] [           main] c.a.E.EngineProjectE61Application        : No active profile set, falling back to 1 default profile: "default"
2024-11-02T00:51:17.311+05:30  INFO 15028 --- [EngineProjectE6-1] [           main] o.s.b.w.embedded.tomcat.TomcatWebServer  : Tomcat initialized with port 9003 (http)
2024-11-02T00:51:17.326+05:30  INFO 15028 --- [EngineProjectE6-1] [           main] o.apache.catalina.core.StandardService   : Starting service [Tomcat]
2024-11-02T00:51:17.326+05:30  INFO 15028 --- [EngineProjectE6-1] [           main] o.apache.catalina.core.StandardEngine    : Starting Servlet engine: [Apache Tomcat/10.1.31]
2024-11-02T00:51:17.404+05:30  INFO 15028 --- [EngineProjectE6-1] [           main] o.a.c.c.C.[Tomcat].[localhost].[/]       : Initializing Spring embedded WebApplicationContext
2024-11-02T00:51:17.404+05:30  INFO 15028 --- [EngineProjectE6-1] [           main] w.s.c.ServletWebServerApplicationContext : Root WebApplicationContext: initialization completed in 1672 ms
2024-11-02T00:51:17.889+05:30  INFO 15028 --- [EngineProjectE6-1] [           main] o.s.b.w.embedded.tomcat.TomcatWebServer  : Tomcat started on port 9003 (http) with context path '/'
2024-11-02T00:51:17.920+05:30  INFO 15028 --- [EngineProjectE6-1] [           main] c.a.E.EngineProjectE61Application        : Started EngineProjectE61Application in 2.941 seconds (process running for 3.729)

  .   ____          _            __ _ _
 /\\ / ___'_ __ _ _(_)_ __  __ _ \ \ \ \
( ( )\___ | '_ | '_| | '_ \/ _` | \ \ \ \
 \\/  ___)| |_)| | | | | || (_| |  ) ) ) )
  '  |____| .__|_| |_|_| |_\__, | / / / /
 =========|_|==============|___/=/_/_/_/

 :: Spring Boot ::                (v3.3.5)

2024-11-02T00:52:09.451+05:30  INFO 32984 --- [EngineProjectE6-1] [           main] c.a.E.EngineProjectE61Application        : Starting EngineProjectE61Application v0.0.1-SNAPSHOT using Java 17.0.12 with PID 32984 (C:\Users\aakas\Documents\source_code\EngineProjectE6-1\EngineProject.jar started by aakas in C:\Users\aakas\Documents\source_code\EngineProjectE6-1)
2024-11-02T00:52:09.466+05:30  INFO 32984 --- [EngineProjectE6-1] [           main] c.a.E.EngineProjectE61Application        : No active profile set, falling back to 1 default profile: "default"
2024-11-02T00:52:11.134+05:30  INFO 32984 --- [EngineProjectE6-1] [           main] o.s.b.w.embedded.tomcat.TomcatWebServer  : Tomcat initialized with port 9003 (http)
2024-11-02T00:52:11.165+05:30  INFO 32984 --- [EngineProjectE6-1] [           main] o.apache.catalina.core.StandardService   : Starting service [Tomcat]
2024-11-02T00:52:11.165+05:30  INFO 32984 --- [EngineProjectE6-1] [           main] o.apache.catalina.core.StandardEngine    : Starting Servlet engine: [Apache Tomcat/10.1.31]
2024-11-02T00:52:11.228+05:30  INFO 32984 --- [EngineProjectE6-1] [           main] o.a.c.c.C.[Tomcat].[localhost].[/]       : Initializing Spring embedded WebApplicationContext
2024-11-02T00:52:11.228+05:30  INFO 32984 --- [EngineProjectE6-1] [           main] w.s.c.ServletWebServerApplicationContext : Root WebApplicationContext: initialization completed in 1675 ms
2024-11-02T00:52:11.728+05:30  INFO 32984 --- [EngineProjectE6-1] [           main] o.s.b.w.embedded.tomcat.TomcatWebServer  : Tomcat started on port 9003 (http) with context path '/'
2024-11-02T00:52:11.744+05:30  INFO 32984 --- [EngineProjectE6-1] [           main] c.a.E.EngineProjectE61Application        : Started EngineProjectE61Application in 3.014 seconds (process running for 3.876)

  .   ____          _            __ _ _
 /\\ / ___'_ __ _ _(_)_ __  __ _ \ \ \ \
( ( )\___ | '_ | '_| | '_ \/ _` | \ \ \ \
 \\/  ___)| |_)| | | | | || (_| |  ) ) ) )
  '  |____| .__|_| |_|_| |_\__, | / / / /
 =========|_|==============|___/=/_/_/_/

 :: Spring Boot ::                (v3.3.5)

2024-11-02T00:54:18.513+05:30  INFO 13532 --- [EngineProjectE6-1] [           main] c.a.E.EngineProjectE61Application        : Starting EngineProjectE61Application v0.0.1-SNAPSHOT using Java 17.0.12 with PID 13532 (C:\Users\aakas\Documents\source_code\EngineProjectE6-1\EngineProject.jar started by aakas in C:\Users\aakas\Documents\source_code\EngineProjectE6-1)
2024-11-02T00:54:18.529+05:30  INFO 13532 --- [EngineProjectE6-1] [           main] c.a.E.EngineProjectE61Application        : No active profile set, falling back to 1 default profile: "default"
2024-11-02T00:54:20.305+05:30  INFO 13532 --- [EngineProjectE6-1] [           main] o.s.b.w.embedded.tomcat.TomcatWebServer  : Tomcat initialized with port 9003 (http)
2024-11-02T00:54:20.352+05:30  INFO 13532 --- [EngineProjectE6-1] [           main] o.apache.catalina.core.StandardService   : Starting service [Tomcat]
2024-11-02T00:54:20.352+05:30  INFO 13532 --- [EngineProjectE6-1] [           main] o.apache.catalina.core.StandardEngine    : Starting Servlet engine: [Apache Tomcat/10.1.31]
2024-11-02T00:54:20.430+05:30  INFO 13532 --- [EngineProjectE6-1] [           main] o.a.c.c.C.[Tomcat].[localhost].[/]       : Initializing Spring embedded WebApplicationContext
2024-11-02T00:54:20.430+05:30  INFO 13532 --- [EngineProjectE6-1] [           main] w.s.c.ServletWebServerApplicationContext : Root WebApplicationContext: initialization completed in 1811 ms
2024-11-02T00:54:20.961+05:30  INFO 13532 --- [EngineProjectE6-1] [           main] o.s.b.w.embedded.tomcat.TomcatWebServer  : Tomcat started on port 9003 (http) with context path '/'
2024-11-02T00:54:20.977+05:30  INFO 13532 --- [EngineProjectE6-1] [           main] c.a.E.EngineProjectE61Application        : Started EngineProjectE61Application in 3.132 seconds (process running for 3.83)

  .   ____          _            __ _ _
 /\\ / ___'_ __ _ _(_)_ __  __ _ \ \ \ \
( ( )\___ | '_ | '_| | '_ \/ _` | \ \ \ \
 \\/  ___)| |_)| | | | | || (_| |  ) ) ) )
  '  |____| .__|_| |_|_| |_\__, | / / / /
 =========|_|==============|___/=/_/_/_/

 :: Spring Boot ::                (v3.3.5)

2024-11-02T00:54:36.548+05:30  INFO 17248 --- [EngineProjectE6-1] [           main] c.a.E.EngineProjectE61Application        : Starting EngineProjectE61Application v0.0.1-SNAPSHOT using Java 17.0.12 with PID 17248 (C:\Users\aakas\Documents\source_code\EngineProjectE6-1\EngineProject.jar started by aakas in C:\Users\aakas\Documents\source_code\EngineProjectE6-1)
2024-11-02T00:54:36.563+05:30  INFO 17248 --- [EngineProjectE6-1] [           main] c.a.E.EngineProjectE61Application        : No active profile set, falling back to 1 default profile: "default"
2024-11-02T00:54:38.735+05:30  INFO 17248 --- [EngineProjectE6-1] [           main] o.s.b.w.embedded.tomcat.TomcatWebServer  : Tomcat initialized with port 9003 (http)
2024-11-02T00:54:38.757+05:30  INFO 17248 --- [EngineProjectE6-1] [           main] o.apache.catalina.core.StandardService   : Starting service [Tomcat]
2024-11-02T00:54:38.757+05:30  INFO 17248 --- [EngineProjectE6-1] [           main] o.apache.catalina.core.StandardEngine    : Starting Servlet engine: [Apache Tomcat/10.1.31]
2024-11-02T00:54:38.835+05:30  INFO 17248 --- [EngineProjectE6-1] [           main] o.a.c.c.C.[Tomcat].[localhost].[/]       : Initializing Spring embedded WebApplicationContext
2024-11-02T00:54:38.840+05:30  INFO 17248 --- [EngineProjectE6-1] [           main] w.s.c.ServletWebServerApplicationContext : Root WebApplicationContext: initialization completed in 2120 ms
2024-11-02T00:54:39.709+05:30  WARN 17248 --- [EngineProjectE6-1] [           main] ConfigServletWebServerApplicationContext : Exception encountered during context initialization - cancelling refresh attempt: org.springframework.context.ApplicationContextException: Failed to start bean 'webServerStartStop'
2024-11-02T00:54:39.730+05:30  INFO 17248 --- [EngineProjectE6-1] [           main] .s.b.a.l.ConditionEvaluationReportLogger : 

Error starting ApplicationContext. To display the condition evaluation report re-run your application with 'debug' enabled.
2024-11-02T00:54:39.769+05:30 ERROR 17248 --- [EngineProjectE6-1] [           main] o.s.b.d.LoggingFailureAnalysisReporter   : 

***************************
APPLICATION FAILED TO START
***************************

Description:

Web server failed to start. Port 9003 was already in use.

Action:

Identify and stop the process that's listening on port 9003 or configure this application to listen on another port.


  .   ____          _            __ _ _
 /\\ / ___'_ __ _ _(_)_ __  __ _ \ \ \ \
( ( )\___ | '_ | '_| | '_ \/ _` | \ \ \ \
 \\/  ___)| |_)| | | | | || (_| |  ) ) ) )
  '  |____| .__|_| |_|_| |_\__, | / / / /
 =========|_|==============|___/=/_/_/_/

 :: Spring Boot ::                (v3.3.5)

2024-11-02T00:56:00.974+05:30  INFO 25796 --- [EngineProjectE6-1] [           main] c.a.E.EngineProjectE61Application        : Starting EngineProjectE61Application v0.0.1-SNAPSHOT using Java 17.0.12 with PID 25796 (C:\Users\aakas\Documents\source_code\EngineProjectE6-1\EngineProject.jar started by aakas in C:\Users\aakas\Documents\source_code\EngineProjectE6-1)
2024-11-02T00:56:00.982+05:30  INFO 25796 --- [EngineProjectE6-1] [           main] c.a.E.EngineProjectE61Application        : No active profile set, falling back to 1 default profile: "default"
2024-11-02T00:56:03.328+05:30  INFO 25796 --- [EngineProjectE6-1] [           main] o.s.b.w.embedded.tomcat.TomcatWebServer  : Tomcat initialized with port 9003 (http)
2024-11-02T00:56:03.363+05:30  INFO 25796 --- [EngineProjectE6-1] [           main] o.apache.catalina.core.StandardService   : Sta2024-11-02T00:56:03.446+05:30  INFO 34292 --- [EngineProjectE6-1] [           main] c.a.E.EngineProjectE61Application        : Starting EngineProjectE61Application v0.0.1-SNAPSHOT using Java 17.0.12 wi2024-11-02T00:56:03.477+05:30  INFO 25796 --- [EngineProjectE6-1] [           main] o.a.c.c.C.[Tomcat].[localhost].[/]       : Initializing Spring embedded WebApplicationContext
2024-11-02T00:56:03.477+05:30  INFO 25796 --- [EngineProjectE6-1] [           main] w.s.c.ServletWebServerApplicationContext : Root WebApplicationContext: initialization completed i2024-11-02T00:56:05.941+05:30  INFO 34292 --- [EngineProjectE6-1] [           main] o.s.b.w.embedded.tomcat.TomcatWebServer  : Tomcat initialized with port 9003 (http)
2024-11-02T00:56:05.973+05:30  INFO 34292 --- [EngineProjectE6-1] [           main] o.apache.catalina.core.StandardService   : Starting servi2024-11-02T00:56:06.047+05:30  INFO 27932 --- [EngineProjectE6-1] [           main] c.a.E.Engi2024-11-02T00:56:10.875+05:30  INFO 25796 --- [EngineProjectE6-1] [nio-9003-exec-1] o.a.c.c.C.[Tomcat].[localhost].[/]       : Initializing Spring DispatcherServlet 'dispatcherServlet'
2024-11-02T00:56:10.875+05:30  INFO 25796 --- [EngineProjectE6-1] [nio-9003-exec-1] o.s.web.servlet.DispatcherServlet        : Initializing Servlet 'dispatcherServlet'
2024-11-02T00:56:10.875+05:30  INFO 25796 --- [EngineProjectE6-1] [nio-9003-exec-1] o.s.web.servlet.DispatcherServlet        : Completed initialization in 0 ms
REQUEST CAME FORfile82.csvIN FILECONTROLLER
REQUEST CAME FORfile74.csvIN FILECONTROLLER
REQUEST CAME FORfile48.csvIN FILECONTROLLER
REQUEST CAME FORfile66.csvIN FILECONTROLLER
REQUEST CAME FORfile31.csvIN FILECONTROLLER
REQUEST CAME FORfile90.csvIN FILECONTROLLER
REQUEST CAME FORfile8.csvIN FILECONTROLLER
REQUEST CAME FORfile99.csvIN FILECONTROLLER
REQUEST CAME FORfile64.csvIN FILECONTROLLER
REQUEST CAME FORfile21.csvIN FILECONTROLLER
REQUEST CAME FORfile56.csvIN FILECONTROLLER
REQUEST CAME FORfile13.csvIN FILECONTROLLER
REQUEST CAME FORfile38.csvIN FILECONTROLLER
REQUEST CAME FORfile100.csvIN FILECONTROLLER
REQUEST CAME FORfile25.csvIN FILECONTROLLER
REQUEST CAME FORfile68.csvIN FILECONTROLLER
REQUEST CAME FORfile1.csvIN FILECONTROLLER
REQUEST CAME FORfile3.csvIN FILECONTROLLER
REQUEST CAME FORfile23.csvIN FILECONTROLLER
REQUEST CAME FORfile72.csvIN FILECONTROLLER
REQUEST CAME FORfile97.csvIN FILECONTROLLER
REQUEST CAME FORfile11.csvIN FILECONTROLLER
REQUEST CAME FORfile84.csvIN FILECONTROLLER
REQUEST CAME FORfile41.csvIN FILECONTROLLER
REQUEST CAME FORfile54.csvIN FILECONTROLLER
REQUEST CAME FORfile60.csvIN FILECONTROLLER
REQUEST CAME FORfile36.csvIN FILECONTROLLER
REQUEST CAME FORfile79.csvIN FILECONTROLLER
REQUEST CAME FORfile53.csvIN FILECONTROLLER
REQUEST CAME FORfile96.csvIN FILECONTROLLER
REQUEST CAME FORfile94.csvIN FILECONTROLLER
REQUEST CAME FORfile26.csvIN FILECONTROLLER
REQUEST CAME FORfile51.csvIN FILECONTROLLER
REQUEST CAME FORfile70.csvIN FILECONTROLLER
REQUEST CAME FORfile77.csvIN FILECONTROLLER
REQUEST CAME FORfile86.csvIN FILECONTROLLER
REQUEST CAME FORfile34.csvIN FILECONTROLLER
REQUEST CAME FORfile17.csvIN FILECONTROLLER
REQUEST CAME FORfile43.csvIN FILECONTROLLER
REQUEST CAME FORfile4.csvIN FILECONTROLLER
REQUEST CAME FORfile69.csvIN FILECONTROLLER
REQUEST CAME FORfile92.csvIN FILECONTROLLER
REQUEST CAME FORfile58.csvIN FILECONTROLLER
REQUEST CAME FORfile45.csvIN FILECONTROLLER
REQUEST CAME FORfile32.csvIN FILECONTROLLER
REQUEST CAME FORfile62.csvIN FILECONTROLLER
REQUEST CAME FORfile75.csvIN FILECONTROLLER
REQUEST CAME FORfile88.csvIN FILECONTROLLER
REQUEST CAME FORfile6.csvIN FILECONTROLLER
REQUEST CAME FORfile28.csvIN FILECONTROLLER
REQUEST CAME FORfile15.csvIN FILECONTROLLER
REQUEST CAME FORfile57.csvIN FILECONTROLLER
REQUEST CAME FORfile22.csvIN FILECONTROLLER
REQUEST CAME FORfile9.csvIN FILECONTROLLER
REQUEST CAME FORfile49.csvIN FILECONTROLLER
REQUEST CAME FORfile81.csvIN FILECONTROLLER
REQUEST CAME FORfile14.csvIN FILECONTROLLER
REQUEST CAME FORfile40.csvIN FILECONTROLLER
REQUEST CAME FORfile83.csvIN FILECONTROLLER
REQUEST CAME FORfile39.csvIN FILECONTROLLER
REQUEST CAME FORfile47.csvIN FILECONTROLLER
REQUEST CAME FORfile73.csvIN FILECONTROLLER
REQUEST CAME FORfile91.csvIN FILECONTROLLER
REQUEST CAME FORfile30.csvIN FILECONTROLLER
REQUEST CAME FORfile65.csvIN FILECONTROLLER
REQUEST CAME FORfile71.csvIN FILECONTROLLER
REQUEST CAME FORfile12.csvIN FILECONTROLLER
REQUEST CAME FORfile85.csvIN FILECONTROLLER
REQUEST CAME FORfile42.csvIN FILECONTROLLER
REQUEST CAME FORfile98.csvIN FILECONTROLLER
REQUEST CAME FORfile55.csvIN FILECONTROLLER
REQUEST CAME FORfile10.csvIN FILECONTROLLER
REQUEST CAME FORfile37.csvIN FILECONTROLLER
REQUEST CAME FORfile24.csvIN FILECONTROLLER
REQUEST CAME FORfile67.csvIN FILECONTROLLER
REQUEST CAME FORfile19.csvIN FILECONTROLLER
REQUEST CAME FORfile2.csvIN FILECONTROLLER
REQUEST CAME FORfile27.csvIN FILECONTROLLER
REQUEST CAME FORfile52.csvIN FILECONTROLLER
REQUEST CAME FORfile87.csvIN FILECONTROLLER
REQUEST CAME FORfile35.csvIN FILECONTROLLER
REQUEST CAME FORfile18.csvIN FILECONTROLLER
REQUEST CAME FORfile5.csvIN FILECONTROLLER
REQUEST CAME FORfile44.csvIN FILECONTROLLER
REQUEST CAME FORfile61.csvIN FILECONTROLLER
REQUEST CAME FORfile78.csvIN FILECONTROLLER
REQUEST CAME FORfile95.csvIN FILECONTROLLER
REQUEST CAME FORfile33.csvIN FILECONTROLLER
REQUEST CAME FORfile76.csvIN FILECONTROLLER
REQUEST CAME FORfile46.csvIN FILECONTROLLER
REQUEST CAME FORfile63.csvIN FILECONTROLLER
REQUEST CAME FORfile20.csvIN FILECONTROLLER
REQUEST CAME FORfile7.csvIN FILECONTROLLER
REQUEST CAME FORfile89.csvIN FILECONTROLLER
REQUEST CAME FORfile59.csvIN FILECONTROLLER
REQUEST CAME FORfile16.csvIN FILECONTROLLER
REQUEST CAME FORfile29.csvIN FILECONTROLLER
REQUEST CAME FORfile50.csvIN FILECONTROLLER
REQUEST CAME FORfile93.csvIN FILECONTROLLER
REQUEST CAME FORfile80.csvIN FILECONTROLLER
REQUEST CAME FORfile82.csvIN FILECONTROLLER
REQUEST CAME FORfile74.csvIN FILECONTROLLER
REQUEST CAME FORfile48.csvIN FILECONTROLLER
REQUEST CAME FORfile66.csvIN FILECONTROLLER
REQUEST CAME FORfile31.csvIN FILECONTROLLER
REQUEST CAME FORfile90.csvIN FILECONTROLLER
REQUEST CAME FORfile8.csvIN FILECONTROLLER
REQUEST CAME FORfile99.csvIN FILECONTROLLER
REQUEST CAME FORfile64.csvIN FILECONTROLLER
REQUEST CAME FORfile21.csvIN FILECONTROLLER
REQUEST CAME FORfile56.csvIN FILECONTROLLER
REQUEST CAME FORfile13.csvIN FILECONTROLLER
REQUEST CAME FORfile38.csvIN FILECONTROLLER
REQUEST CAME FORfile100.csvIN FILECONTROLLER
REQUEST CAME FORfile25.csvIN FILECONTROLLER
REQUEST CAME FORfile68.csvIN FILECONTROLLER
REQUEST CAME FORfile1.csvIN FILECONTROLLER
REQUEST CAME FORfile3.csvIN FILECONTROLLER
REQUEST CAME FORfile23.csvIN FILECONTROLLER
REQUEST CAME FORfile72.csvIN FILECONTROLLER
REQUEST CAME FORfile97.csvIN FILECONTROLLER
REQUEST CAME FORfile11.csvIN FILECONTROLLER
REQUEST CAME FORfile84.csvIN FILECONTROLLER
REQUEST CAME FORfile41.csvIN FILECONTROLLER
REQUEST CAME FORfile54.csvIN FILECONTROLLER
REQUEST CAME FORfile60.csvIN FILECONTROLLER
REQUEST CAME FORfile36.csvIN FILECONTROLLER
REQUEST CAME FORfile79.csvIN FILECONTROLLER
REQUEST CAME FORfile53.csvIN FILECONTROLLER
REQUEST CAME FORfile96.csvIN FILECONTROLLER
REQUEST CAME FORfile94.csvIN FILECONTROLLER
REQUEST CAME FORfile26.csvIN FILECONTROLLER
REQUEST CAME FORfile51.csvIN FILECONTROLLER
REQUEST CAME FORfile70.csvIN FILECONTROLLER
REQUEST CAME FORfile77.csvIN FILECONTROLLER
REQUEST CAME FORfile86.csvIN FILECONTROLLER
REQUEST CAME FORfile34.csvIN FILECONTROLLER
REQUEST CAME FORfile17.csvIN FILECONTROLLER
REQUEST CAME FORfile43.csvIN FILECONTROLLER
REQUEST CAME FORfile4.csvIN FILECONTROLLER
REQUEST CAME FORfile69.csvIN FILECONTROLLER
REQUEST CAME FORfile92.csvIN FILECONTROLLER
REQUEST CAME FORfile58.csvIN FILECONTROLLER
REQUEST CAME FORfile45.csvIN FILECONTROLLER
REQUEST CAME FORfile32.csvIN FILECONTROLLER
REQUEST CAME FORfile62.csvIN FILECONTROLLER
REQUEST CAME FORfile75.csvIN FILECONTROLLER
REQUEST CAME FORfile88.csvIN FILECONTROLLER
REQUEST CAME FORfile6.csvIN FILECONTROLLER
REQUEST CAME FORfile28.csvIN FILECONTROLLER
REQUEST CAME FORfile15.csvIN FILECONTROLLER
REQUEST CAME FORfile57.csvIN FILECONTROLLER
REQUEST CAME FORfile22.csvIN FILECONTROLLER
REQUEST CAME FORfile9.csvIN FILECONTROLLER
REQUEST CAME FORfile49.csvIN FILECONTROLLER
REQUEST CAME FORfile81.csvIN FILECONTROLLER
REQUEST CAME FORfile14.csvIN FILECONTROLLER
REQUEST CAME FORfile40.csvIN FILECONTROLLER
REQUEST CAME FORfile83.csvIN FILECONTROLLER
REQUEST CAME FORfile39.csvIN FILECONTROLLER
REQUEST CAME FORfile47.csvIN FILECONTROLLER
REQUEST CAME FORfile73.csvIN FILECONTROLLER
REQUEST CAME FORfile91.csvIN FILECONTROLLER
REQUEST CAME FORfile30.csvIN FILECONTROLLER
REQUEST CAME FORfile65.csvIN FILECONTROLLER
REQUEST CAME FORfile71.csvIN FILECONTROLLER
REQUEST CAME FORfile12.csvIN FILECONTROLLER
REQUEST CAME FORfile85.csvIN FILECONTROLLER
REQUEST CAME FORfile42.csvIN FILECONTROLLER
REQUEST CAME FORfile98.csvIN FILECONTROLLER
REQUEST CAME FORfile55.csvIN FILECONTROLLER
REQUEST CAME FORfile10.csvIN FILECONTROLLER
REQUEST CAME FORfile37.csvIN FILECONTROLLER
REQUEST CAME FORfile24.csvIN FILECONTROLLER
REQUEST CAME FORfile67.csvIN FILECONTROLLER
REQUEST CAME FORfile19.csvIN FILECONTROLLER
REQUEST CAME FORfile2.csvIN FILECONTROLLER
REQUEST CAME FORfile27.csvIN FILECONTROLLER
REQUEST CAME FORfile52.csvIN FILECONTROLLER
REQUEST CAME FORfile87.csvIN FILECONTROLLER
REQUEST CAME FORfile35.csvIN FILECONTROLLER
REQUEST CAME FORfile18.csvIN FILECONTROLLER
REQUEST CAME FORfile5.csvIN FILECONTROLLER
REQUEST CAME FORfile44.csvIN FILECONTROLLER
REQUEST CAME FORfile61.csvIN FILECONTROLLER
REQUEST CAME FORfile78.csvIN FILECONTROLLER
REQUEST CAME FORfile95.csvIN FILECONTROLLER
REQUEST CAME FORfile33.csvIN FILECONTROLLER
REQUEST CAME FORfile76.csvIN FILECONTROLLER
REQUEST CAME FORfile46.csvIN FILECONTROLLER
REQUEST CAME FORfile63.csvIN FILECONTROLLER
REQUEST CAME FORfile20.csvIN FILECONTROLLER
REQUEST CAME FORfile7.csvIN FILECONTROLLER
REQUEST CAME FORfile89.csvIN FILECONTROLLER
REQUEST CAME FORfile59.csvIN FILECONTROLLER
REQUEST CAME FORfile16.csvIN FILECONTROLLER
REQUEST CAME FORfile29.csvIN FILECONTROLLER
REQUEST CAME FORfile50.csvIN FILECONTROLLER
REQUEST CAME FORfile93.csvIN FILECONTROLLER
REQUEST CAME FORfile80.csvIN FILECONTROLLER
REQUEST CAME FORfile82.csvIN FILECONTROLLER
REQUEST CAME FORfile74.csvIN FILECONTROLLER
REQUEST CAME FORfile48.csvIN FILECONTROLLER
REQUEST CAME FORfile66.csvIN FILECONTROLLER
REQUEST CAME FORfile31.csvIN FILECONTROLLER
REQUEST CAME FORfile90.csvIN FILECONTROLLER
REQUEST CAME FORfile8.csvIN FILECONTROLLER
REQUEST CAME FORfile99.csvIN FILECONTROLLER
REQUEST CAME FORfile64.csvIN FILECONTROLLER
REQUEST CAME FORfile21.csvIN FILECONTROLLER
REQUEST CAME FORfile56.csvIN FILECONTROLLER
REQUEST CAME FORfile13.csvIN FILECONTROLLER
REQUEST CAME FORfile38.csvIN FILECONTROLLER
REQUEST CAME FORfile100.csvIN FILECONTROLLER
REQUEST CAME FORfile25.csvIN FILECONTROLLER
REQUEST CAME FORfile68.csvIN FILECONTROLLER
REQUEST CAME FORfile1.csvIN FILECONTROLLER
REQUEST CAME FORfile3.csvIN FILECONTROLLER
REQUEST CAME FORfile23.csvIN FILECONTROLLER
REQUEST CAME FORfile72.csvIN FILECONTROLLER
REQUEST CAME FORfile97.csvIN FILECONTROLLER
REQUEST CAME FORfile11.csvIN FILECONTROLLER
REQUEST CAME FORfile84.csvIN FILECONTROLLER
REQUEST CAME FORfile41.csvIN FILECONTROLLER
REQUEST CAME FORfile54.csvIN FILECONTROLLER
REQUEST CAME FORfile60.csvIN FILECONTROLLER
REQUEST CAME FORfile36.csvIN FILECONTROLLER
REQUEST CAME FORfile79.csvIN FILECONTROLLER
REQUEST CAME FORfile53.csvIN FILECONTROLLER
REQUEST CAME FORfile96.csvIN FILECONTROLLER
REQUEST CAME FORfile94.csvIN FILECONTROLLER
REQUEST CAME FORfile26.csvIN FILECONTROLLER
REQUEST CAME FORfile51.csvIN FILECONTROLLER
REQUEST CAME FORfile70.csvIN FILECONTROLLER
REQUEST CAME FORfile77.csvIN FILECONTROLLER
REQUEST CAME FORfile86.csvIN FILECONTROLLER
REQUEST CAME FORfile34.csvIN FILECONTROLLER
REQUEST CAME FORfile17.csvIN FILECONTROLLER
REQUEST CAME FORfile43.csvIN FILECONTROLLER
REQUEST CAME FORfile4.csvIN FILECONTROLLER
REQUEST CAME FORfile69.csvIN FILECONTROLLER
REQUEST CAME FORfile92.csvIN FILECONTROLLER
REQUEST CAME FORfile58.csvIN FILECONTROLLER
REQUEST CAME FORfile45.csvIN FILECONTROLLER
REQUEST CAME FORfile32.csvIN FILECONTROLLER
REQUEST CAME FORfile62.csvIN FILECONTROLLER
REQUEST CAME FORfile75.csvIN FILECONTROLLER
REQUEST CAME FORfile88.csvIN FILECONTROLLER
REQUEST CAME FORfile6.csvIN FILECONTROLLER
REQUEST CAME FORfile28.csvIN FILECONTROLLER
REQUEST CAME FORfile15.csvIN FILECONTROLLER
REQUEST CAME FORfile57.csvIN FILECONTROLLER
REQUEST CAME FORfile22.csvIN FILECONTROLLER
REQUEST CAME FORfile9.csvIN FILECONTROLLER
REQUEST CAME FORfile49.csvIN FILECONTROLLER
REQUEST CAME FORfile81.csvIN FILECONTROLLER
REQUEST CAME FORfile14.csvIN FILECONTROLLER
REQUEST CAME FORfile40.csvIN FILECONTROLLER
REQUEST CAME FORfile83.csvIN FILECONTROLLER
REQUEST CAME FORfile39.csvIN FILECONTROLLER
REQUEST CAME FORfile47.csvIN FILECONTROLLER
REQUEST CAME FORfile73.csvIN FILECONTROLLER
REQUEST CAME FORfile91.csvIN FILECONTROLLER
REQUEST CAME FORfile30.csvIN FILECONTROLLER
REQUEST CAME FORfile65.csvIN FILECONTROLLER
REQUEST CAME FORfile71.csvIN FILECONTROLLER
REQUEST CAME FORfile12.csvIN FILECONTROLLER
REQUEST CAME FORfile85.csvIN FILECONTROLLER
REQUEST CAME FORfile42.csvIN FILECONTROLLER
REQUEST CAME FORfile98.csvIN FILECONTROLLER
REQUEST CAME FORfile55.csvIN FILECONTROLLER
REQUEST CAME FORfile10.csvIN FILECONTROLLER
REQUEST CAME FORfile37.csvIN FILECONTROLLER
REQUEST CAME FORfile24.csvIN FILECONTROLLER
REQUEST CAME FORfile67.csvIN FILECONTROLLER
REQUEST CAME FORfile19.csvIN FILECONTROLLER
REQUEST CAME FORfile2.csvIN FILECONTROLLER
REQUEST CAME FORfile27.csvIN FILECONTROLLER
REQUEST CAME FORfile52.csvIN FILECONTROLLER
REQUEST CAME FORfile87.csvIN FILECONTROLLER
REQUEST CAME FORfile35.csvIN FILECONTROLLER
REQUEST CAME FORfile18.csvIN FILECONTROLLER
REQUEST CAME FORfile5.csvIN FILECONTROLLER
REQUEST CAME FORfile44.csvIN FILECONTROLLER
REQUEST CAME FORfile61.csvIN FILECONTROLLER
REQUEST CAME FORfile78.csvIN FILECONTROLLER
REQUEST CAME FORfile95.csvIN FILECONTROLLER
REQUEST CAME FORfile33.csvIN FILECONTROLLER
REQUEST CAME FORfile76.csvIN FILECONTROLLER
REQUEST CAME FORfile46.csvIN FILECONTROLLER
REQUEST CAME FORfile63.csvIN FILECONTROLLER
REQUEST CAME FORfile20.csvIN FILECONTROLLER
REQUEST CAME FORfile7.csvIN FILECONTROLLER
REQUEST CAME FORfile89.csvIN FILECONTROLLER
REQUEST CAME FORfile59.csvIN FILECONTROLLER
REQUEST CAME FORfile16.csvIN FILECONTROLLER
REQUEST CAME FORfile29.csvIN FILECONTROLLER
REQUEST CAME FORfile50.csvIN FILECONTROLLER
REQUEST CAME FORfile93.csvIN FILECONTROLLER
REQUEST CAME FORfile80.csvIN FILECONTROLLER
REQUEST CAME FORfile82.csvIN FILECONTROLLER
REQUEST CAME FORfile74.csvIN FILECONTROLLER
REQUEST CAME FORfile48.csvIN FILECONTROLLER
REQUEST CAME FORfile66.csvIN FILECONTROLLER
REQUEST CAME FORfile31.csvIN FILECONTROLLER
REQUEST CAME FORfile90.csvIN FILECONTROLLER
REQUEST CAME FORfile8.csvIN FILECONTROLLER
REQUEST CAME FORfile99.csvIN FILECONTROLLER
REQUEST CAME FORfile64.csvIN FILECONTROLLER
REQUEST CAME FORfile21.csvIN FILECONTROLLER
REQUEST CAME FORfile56.csvIN FILECONTROLLER
REQUEST CAME FORfile13.csvIN FILECONTROLLER
REQUEST CAME FORfile38.csvIN FILECONTROLLER
REQUEST CAME FORfile100.csvIN FILECONTROLLER
REQUEST CAME FORfile25.csvIN FILECONTROLLER
REQUEST CAME FORfile68.csvIN FILECONTROLLER
REQUEST CAME FORfile1.csvIN FILECONTROLLER
REQUEST CAME FORfile3.csvIN FILECONTROLLER
REQUEST CAME FORfile23.csvIN FILECONTROLLER
REQUEST CAME FORfile72.csvIN FILECONTROLLER
REQUEST CAME FORfile97.csvIN FILECONTROLLER
REQUEST CAME FORfile11.csvIN FILECONTROLLER
REQUEST CAME FORfile84.csvIN FILECONTROLLER
REQUEST CAME FORfile41.csvIN FILECONTROLLER
REQUEST CAME FORfile54.csvIN FILECONTROLLER
REQUEST CAME FORfile60.csvIN FILECONTROLLER
REQUEST CAME FORfile36.csvIN FILECONTROLLER
REQUEST CAME FORfile79.csvIN FILECONTROLLER
REQUEST CAME FORfile53.csvIN FILECONTROLLER
REQUEST CAME FORfile96.csvIN FILECONTROLLER
REQUEST CAME FORfile94.csvIN FILECONTROLLER
REQUEST CAME FORfile26.csvIN FILECONTROLLER
REQUEST CAME FORfile51.csvIN FILECONTROLLER
REQUEST CAME FORfile70.csvIN FILECONTROLLER
REQUEST CAME FORfile77.csvIN FILECONTROLLER
REQUEST CAME FORfile86.csvIN FILECONTROLLER
REQUEST CAME FORfile34.csvIN FILECONTROLLER
REQUEST CAME FORfile17.csvIN FILECONTROLLER
REQUEST CAME FORfile43.csvIN FILECONTROLLER
REQUEST CAME FORfile4.csvIN FILECONTROLLER
REQUEST CAME FORfile69.csvIN FILECONTROLLER
REQUEST CAME FORfile92.csvIN FILECONTROLLER
REQUEST CAME FORfile58.csvIN FILECONTROLLER
REQUEST CAME FORfile45.csvIN FILECONTROLLER
REQUEST CAME FORfile32.csvIN FILECONTROLLER
REQUEST CAME FORfile62.csvIN FILECONTROLLER
REQUEST CAME FORfile75.csvIN FILECONTROLLER
REQUEST CAME FORfile88.csvIN FILECONTROLLER
REQUEST CAME FORfile6.csvIN FILECONTROLLER
REQUEST CAME FORfile28.csvIN FILECONTROLLER
REQUEST CAME FORfile15.csvIN FILECONTROLLER
REQUEST CAME FORfile57.csvIN FILECONTROLLER
REQUEST CAME FORfile22.csvIN FILECONTROLLER
REQUEST CAME FORfile9.csvIN FILECONTROLLER
REQUEST CAME FORfile49.csvIN FILECONTROLLER
REQUEST CAME FORfile81.csvIN FILECONTROLLER
REQUEST CAME FORfile14.csvIN FILECONTROLLER
REQUEST CAME FORfile40.csvIN FILECONTROLLER
REQUEST CAME FORfile83.csvIN FILECONTROLLER
REQUEST CAME FORfile39.csvIN FILECONTROLLER
REQUEST CAME FORfile47.csvIN FILECONTROLLER
REQUEST CAME FORfile73.csvIN FILECONTROLLER
REQUEST CAME FORfile91.csvIN FILECONTROLLER
REQUEST CAME FORfile30.csvIN FILECONTROLLER
REQUEST CAME FORfile65.csvIN FILECONTROLLER
REQUEST CAME FORfile71.csvIN FILECONTROLLER
REQUEST CAME FORfile12.csvIN FILECONTROLLER
REQUEST CAME FORfile85.csvIN FILECONTROLLER
REQUEST CAME FORfile42.csvIN FILECONTROLLER
REQUEST CAME FORfile98.csvIN FILECONTROLLER
REQUEST CAME FORfile55.csvIN FILECONTROLLER
REQUEST CAME FORfile10.csvIN FILECONTROLLER
REQUEST CAME FORfile37.csvIN FILECONTROLLER
REQUEST CAME FORfile24.csvIN FILECONTROLLER
REQUEST CAME FORfile67.csvIN FILECONTROLLER
REQUEST CAME FORfile19.csvIN FILECONTROLLER
REQUEST CAME FORfile2.csvIN FILECONTROLLER
REQUEST CAME FORfile27.csvIN FILECONTROLLER
REQUEST CAME FORfile52.csvIN FILECONTROLLER
REQUEST CAME FORfile87.csvIN FILECONTROLLER
REQUEST CAME FORfile35.csvIN FILECONTROLLER
REQUEST CAME FORfile18.csvIN FILECONTROLLER
REQUEST CAME FORfile5.csvIN FILECONTROLLER
REQUEST CAME FORfile44.csvIN FILECONTROLLER
REQUEST CAME FORfile61.csvIN FILECONTROLLER
REQUEST CAME FORfile78.csvIN FILECONTROLLER
REQUEST CAME FORfile95.csvIN FILECONTROLLER
REQUEST CAME FORfile33.csvIN FILECONTROLLER
REQUEST CAME FORfile76.csvIN FILECONTROLLER
REQUEST CAME FORfile46.csvIN FILECONTROLLER
REQUEST CAME FORfile63.csvIN FILECONTROLLER
REQUEST CAME FORfile20.csvIN FILECONTROLLER
REQUEST CAME FORfile7.csvIN FILECONTROLLER
REQUEST CAME FORfile89.csvIN FILECONTROLLER
REQUEST CAME FORfile59.csvIN FILECONTROLLER
REQUEST CAME FORfile16.csvIN FILECONTROLLER
REQUEST CAME FORfile29.csvIN FILECONTROLLER
REQUEST CAME FORfile50.csvIN FILECONTROLLER
REQUEST CAME FORfile93.csvIN FILECONTROLLER
REQUEST CAME FORfile80.csvIN FILECONTROLLER
REQUEST CAME FORfile82.csvIN FILECONTROLLER
REQUEST CAME FORfile74.csvIN FILECONTROLLER
REQUEST CAME FORfile48.csvIN FILECONTROLLER
REQUEST CAME FORfile66.csvIN FILECONTROLLER
REQUEST CAME FORfile31.csvIN FILECONTROLLER
REQUEST CAME FORfile90.csvIN FILECONTROLLER
REQUEST CAME FORfile8.csvIN FILECONTROLLER
REQUEST CAME FORfile99.csvIN FILECONTROLLER
REQUEST CAME FORfile64.csvIN FILECONTROLLER
REQUEST CAME FORfile21.csvIN FILECONTROLLER
REQUEST CAME FORfile56.csvIN FILECONTROLLER
REQUEST CAME FORfile13.csvIN FILECONTROLLER
REQUEST CAME FORfile38.csvIN FILECONTROLLER
REQUEST CAME FORfile100.csvIN FILECONTROLLER
REQUEST CAME FORfile25.csvIN FILECONTROLLER
REQUEST CAME FORfile68.csvIN FILECONTROLLER
REQUEST CAME FORfile1.csvIN FILECONTROLLER
REQUEST CAME FORfile3.csvIN FILECONTROLLER
REQUEST CAME FORfile23.csvIN FILECONTROLLER
REQUEST CAME FORfile72.csvIN FILECONTROLLER
REQUEST CAME FORfile97.csvIN FILECONTROLLER
REQUEST CAME FORfile11.csvIN FILECONTROLLER
REQUEST CAME FORfile84.csvIN FILECONTROLLER
REQUEST CAME FORfile41.csvIN FILECONTROLLER
REQUEST CAME FORfile54.csvIN FILECONTROLLER
REQUEST CAME FORfile60.csvIN FILECONTROLLER
REQUEST CAME FORfile36.csvIN FILECONTROLLER
REQUEST CAME FORfile79.csvIN FILECONTROLLER
REQUEST CAME FORfile53.csvIN FILECONTROLLER
REQUEST CAME FORfile96.csvIN FILECONTROLLER
REQUEST CAME FORfile94.csvIN FILECONTROLLER
REQUEST CAME FORfile26.csvIN FILECONTROLLER
REQUEST CAME FORfile51.csvIN FILECONTROLLER
REQUEST CAME FORfile70.csvIN FILECONTROLLER
REQUEST CAME FORfile77.csvIN FILECONTROLLER
REQUEST CAME FORfile86.csvIN FILECONTROLLER
REQUEST CAME FORfile34.csvIN FILECONTROLLER
REQUEST CAME FORfile17.csvIN FILECONTROLLER
REQUEST CAME FORfile43.csvIN FILECONTROLLER
REQUEST CAME FORfile4.csvIN FILECONTROLLER
REQUEST CAME FORfile69.csvIN FILECONTROLLER
REQUEST CAME FORfile92.csvIN FILECONTROLLER
REQUEST CAME FORfile58.csvIN FILECONTROLLER
REQUEST CAME FORfile45.csvIN FILECONTROLLER
REQUEST CAME FORfile32.csvIN FILECONTROLLER
REQUEST CAME FORfile62.csvIN FILECONTROLLER
REQUEST CAME FORfile75.csvIN FILECONTROLLER
REQUEST CAME FORfile88.csvIN FILECONTROLLER
REQUEST CAME FORfile6.csvIN FILECONTROLLER
REQUEST CAME FORfile28.csvIN FILECONTROLLER
REQUEST CAME FORfile15.csvIN FILECONTROLLER
REQUEST CAME FORfile57.csvIN FILECONTROLLER
REQUEST CAME FORfile22.csvIN FILECONTROLLER
REQUEST CAME FORfile9.csvIN FILECONTROLLER
REQUEST CAME FORfile49.csvIN FILECONTROLLER
REQUEST CAME FORfile81.csvIN FILECONTROLLER
REQUEST CAME FORfile14.csvIN FILECONTROLLER
REQUEST CAME FORfile40.csvIN FILECONTROLLER
REQUEST CAME FORfile83.csvIN FILECONTROLLER
REQUEST CAME FORfile39.csvIN FILECONTROLLER
REQUEST CAME FORfile47.csvIN FILECONTROLLER
REQUEST CAME FORfile73.csvIN FILECONTROLLER
REQUEST CAME FORfile91.csvIN FILECONTROLLER
REQUEST CAME FORfile30.csvIN FILECONTROLLER
REQUEST CAME FORfile65.csvIN FILECONTROLLER
REQUEST CAME FORfile71.csvIN FILECONTROLLER
REQUEST CAME FORfile12.csvIN FILECONTROLLER
REQUEST CAME FORfile85.csvIN FILECONTROLLER
REQUEST CAME FORfile42.csvIN FILECONTROLLER
REQUEST CAME FORfile98.csvIN FILECONTROLLER
REQUEST CAME FORfile55.csvIN FILECONTROLLER
REQUEST CAME FORfile10.csvIN FILECONTROLLER
REQUEST CAME FORfile37.csvIN FILECONTROLLER
REQUEST CAME FORfile24.csvIN FILECONTROLLER
REQUEST CAME FORfile67.csvIN FILECONTROLLER
REQUEST CAME FORfile19.csvIN FILECONTROLLER
REQUEST CAME FORfile2.csvIN FILECONTROLLER
REQUEST CAME FORfile27.csvIN FILECONTROLLER
REQUEST CAME FORfile52.csvIN FILECONTROLLER
REQUEST CAME FORfile87.csvIN FILECONTROLLER
REQUEST CAME FORfile35.csvIN FILECONTROLLER
REQUEST CAME FORfile18.csvIN FILECONTROLLER
REQUEST CAME FORfile5.csvIN FILECONTROLLER
REQUEST CAME FORfile44.csvIN FILECONTROLLER
REQUEST CAME FORfile61.csvIN FILECONTROLLER
REQUEST CAME FORfile78.csvIN FILECONTROLLER
REQUEST CAME FORfile95.csvIN FILECONTROLLER
REQUEST CAME FORfile33.csvIN FILECONTROLLER
REQUEST CAME FORfile76.csvIN FILECONTROLLER
REQUEST CAME FORfile46.csvIN FILECONTROLLER
REQUEST CAME FORfile63.csvIN FILECONTROLLER
REQUEST CAME FORfile20.csvIN FILECONTROLLER
REQUEST CAME FORfile7.csvIN FILECONTROLLER
REQUEST CAME FORfile89.csvIN FILECONTROLLER
REQUEST CAME FORfile59.csvIN FILECONTROLLER
REQUEST CAME FORfile16.csvIN FILECONTROLLER
REQUEST CAME FORfile29.csvIN FILECONTROLLER
REQUEST CAME FORfile50.csvIN FILECONTROLLER
REQUEST CAME FORfile93.csvIN FILECONTROLLER
REQUEST CAME FORfile80.csvIN FILECONTROLLER
REQUEST CAME FORfile82.csvIN FILECONTROLLER
REQUEST CAME FORfile74.csvIN FILECONTROLLER
REQUEST CAME FORfile48.csvIN FILECONTROLLER
REQUEST CAME FORfile66.csvIN FILECONTROLLER
REQUEST CAME FORfile31.csvIN FILECONTROLLER
REQUEST CAME FORfile90.csvIN FILECONTROLLER
REQUEST CAME FORfile8.csvIN FILECONTROLLER
REQUEST CAME FORfile99.csvIN FILECONTROLLER
REQUEST CAME FORfile64.csvIN FILECONTROLLER
REQUEST CAME FORfile21.csvIN FILECONTROLLER
REQUEST CAME FORfile56.csvIN FILECONTROLLER
REQUEST CAME FORfile13.csvIN FILECONTROLLER
REQUEST CAME FORfile38.csvIN FILECONTROLLER
REQUEST CAME FORfile100.csvIN FILECONTROLLER
REQUEST CAME FORfile25.csvIN FILECONTROLLER
REQUEST CAME FORfile68.csvIN FILECONTROLLER
REQUEST CAME FORfile1.csvIN FILECONTROLLER
REQUEST CAME FORfile3.csvIN FILECONTROLLER
REQUEST CAME FORfile23.csvIN FILECONTROLLER
REQUEST CAME FORfile72.csvIN FILECONTROLLER
REQUEST CAME FORfile97.csvIN FILECONTROLLER
REQUEST CAME FORfile11.csvIN FILECONTROLLER
REQUEST CAME FORfile84.csvIN FILECONTROLLER
REQUEST CAME FORfile41.csvIN FILECONTROLLER
REQUEST CAME FORfile54.csvIN FILECONTROLLER
REQUEST CAME FORfile60.csvIN FILECONTROLLER
REQUEST CAME FORfile36.csvIN FILECONTROLLER
REQUEST CAME FORfile79.csvIN FILECONTROLLER
REQUEST CAME FORfile53.csvIN FILECONTROLLER
REQUEST CAME FORfile96.csvIN FILECONTROLLER
REQUEST CAME FORfile94.csvIN FILECONTROLLER
REQUEST CAME FORfile26.csvIN FILECONTROLLER
REQUEST CAME FORfile51.csvIN FILECONTROLLER
REQUEST CAME FORfile70.csvIN FILECONTROLLER
REQUEST CAME FORfile77.csvIN FILECONTROLLER
REQUEST CAME FORfile86.csvIN FILECONTROLLER
REQUEST CAME FORfile34.csvIN FILECONTROLLER
REQUEST CAME FORfile17.csvIN FILECONTROLLER
REQUEST CAME FORfile43.csvIN FILECONTROLLER
REQUEST CAME FORfile4.csvIN FILECONTROLLER
REQUEST CAME FORfile69.csvIN FILECONTROLLER
REQUEST CAME FORfile92.csvIN FILECONTROLLER
REQUEST CAME FORfile58.csvIN FILECONTROLLER
REQUEST CAME FORfile45.csvIN FILECONTROLLER
REQUEST CAME FORfile32.csvIN FILECONTROLLER
REQUEST CAME FORfile62.csvIN FILECONTROLLER
REQUEST CAME FORfile75.csvIN FILECONTROLLER
REQUEST CAME FORfile88.csvIN FILECONTROLLER
REQUEST CAME FORfile6.csvIN FILECONTROLLER
REQUEST CAME FORfile28.csvIN FILECONTROLLER
REQUEST CAME FORfile15.csvIN FILECONTROLLER
REQUEST CAME FORfile57.csvIN FILECONTROLLER
REQUEST CAME FORfile22.csvIN FILECONTROLLER
REQUEST CAME FORfile9.csvIN FILECONTROLLER
REQUEST CAME FORfile49.csvIN FILECONTROLLER
REQUEST CAME FORfile81.csvIN FILECONTROLLER
REQUEST CAME FORfile14.csvIN FILECONTROLLER
REQUEST CAME FORfile40.csvIN FILECONTROLLER
REQUEST CAME FORfile83.csvIN FILECONTROLLER
REQUEST CAME FORfile39.csvIN FILECONTROLLER
REQUEST CAME FORfile47.csvIN FILECONTROLLER
REQUEST CAME FORfile73.csvIN FILECONTROLLER
REQUEST CAME FORfile91.csvIN FILECONTROLLER
REQUEST CAME FORfile30.csvIN FILECONTROLLER
REQUEST CAME FORfile65.csvIN FILECONTROLLER
REQUEST CAME FORfile71.csvIN FILECONTROLLER
REQUEST CAME FORfile12.csvIN FILECONTROLLER
REQUEST CAME FORfile85.csvIN FILECONTROLLER
REQUEST CAME FORfile42.csvIN FILECONTROLLER
REQUEST CAME FORfile98.csvIN FILECONTROLLER
REQUEST CAME FORfile55.csvIN FILECONTROLLER
REQUEST CAME FORfile10.csvIN FILECONTROLLER
REQUEST CAME FORfile37.csvIN FILECONTROLLER
REQUEST CAME FORfile24.csvIN FILECONTROLLER
REQUEST CAME FORfile67.csvIN FILECONTROLLER
REQUEST CAME FORfile19.csvIN FILECONTROLLER
REQUEST CAME FORfile2.csvIN FILECONTROLLER
REQUEST CAME FORfile27.csvIN FILECONTROLLER
REQUEST CAME FORfile52.csvIN FILECONTROLLER
REQUEST CAME FORfile87.csvIN FILECONTROLLER
REQUEST CAME FORfile35.csvIN FILECONTROLLER
REQUEST CAME FORfile18.csvIN FILECONTROLLER
REQUEST CAME FORfile5.csvIN FILECONTROLLER
REQUEST CAME FORfile44.csvIN FILECONTROLLER
REQUEST CAME FORfile61.csvIN FILECONTROLLER
REQUEST CAME FORfile78.csvIN FILECONTROLLER
REQUEST CAME FORfile95.csvIN FILECONTROLLER
REQUEST CAME FORfile33.csvIN FILECONTROLLER
REQUEST CAME FORfile76.csvIN FILECONTROLLER
REQUEST CAME FORfile46.csvIN FILECONTROLLER
REQUEST CAME FORfile63.csvIN FILECONTROLLER
REQUEST CAME FORfile20.csvIN FILECONTROLLER
REQUEST CAME FORfile7.csvIN FILECONTROLLER
REQUEST CAME FORfile89.csvIN FILECONTROLLER
REQUEST CAME FORfile59.csvIN FILECONTROLLER
REQUEST CAME FORfile16.csvIN FILECONTROLLER
REQUEST CAME FORfile29.csvIN FILECONTROLLER
REQUEST CAME FORfile50.csvIN FILECONTROLLER
REQUEST CAME FORfile93.csvIN FILECONTROLLER
REQUEST CAME FORfile80.csvIN FILECONTROLLER
REQUEST CAME FORfile82.csvIN FILECONTROLLER
REQUEST CAME FORfile74.csvIN FILECONTROLLER
REQUEST CAME FORfile48.csvIN FILECONTROLLER
REQUEST CAME FORfile66.csvIN FILECONTROLLER
REQUEST CAME FORfile31.csvIN FILECONTROLLER
REQUEST CAME FORfile90.csvIN FILECONTROLLER
REQUEST CAME FORfile8.csvIN FILECONTROLLER
REQUEST CAME FORfile99.csvIN FILECONTROLLER
REQUEST CAME FORfile64.csvIN FILECONTROLLER
REQUEST CAME FORfile21.csvIN FILECONTROLLER
REQUEST CAME FORfile56.csvIN FILECONTROLLER
REQUEST CAME FORfile13.csvIN FILECONTROLLER
REQUEST CAME FORfile38.csvIN FILECONTROLLER
REQUEST CAME FORfile100.csvIN FILECONTROLLER
REQUEST CAME FORfile25.csvIN FILECONTROLLER
REQUEST CAME FORfile68.csvIN FILECONTROLLER
REQUEST CAME FORfile1.csvIN FILECONTROLLER
REQUEST CAME FORfile3.csvIN FILECONTROLLER
REQUEST CAME FORfile23.csvIN FILECONTROLLER
REQUEST CAME FORfile72.csvIN FILECONTROLLER
REQUEST CAME FORfile97.csvIN FILECONTROLLER
REQUEST CAME FORfile11.csvIN FILECONTROLLER
REQUEST CAME FORfile84.csvIN FILECONTROLLER
REQUEST CAME FORfile41.csvIN FILECONTROLLER
REQUEST CAME FORfile54.csvIN FILECONTROLLER
REQUEST CAME FORfile60.csvIN FILECONTROLLER
REQUEST CAME FORfile36.csvIN FILECONTROLLER
REQUEST CAME FORfile79.csvIN FILECONTROLLER
REQUEST CAME FORfile53.csvIN FILECONTROLLER
REQUEST CAME FORfile96.csvIN FILECONTROLLER
REQUEST CAME FORfile94.csvIN FILECONTROLLER
REQUEST CAME FORfile26.csvIN FILECONTROLLER
REQUEST CAME FORfile51.csvIN FILECONTROLLER
REQUEST CAME FORfile70.csvIN FILECONTROLLER
REQUEST CAME FORfile77.csvIN FILECONTROLLER
REQUEST CAME FORfile86.csvIN FILECONTROLLER
REQUEST CAME FORfile34.csvIN FILECONTROLLER
REQUEST CAME FORfile17.csvIN FILECONTROLLER
REQUEST CAME FORfile43.csvIN FILECONTROLLER
REQUEST CAME FORfile4.csvIN FILECONTROLLER
REQUEST CAME FORfile69.csvIN FILECONTROLLER
REQUEST CAME FORfile92.csvIN FILECONTROLLER
REQUEST CAME FORfile58.csvIN FILECONTROLLER
REQUEST CAME FORfile45.csvIN FILECONTROLLER
REQUEST CAME FORfile32.csvIN FILECONTROLLER
REQUEST CAME FORfile62.csvIN FILECONTROLLER
REQUEST CAME FORfile75.csvIN FILECONTROLLER
REQUEST CAME FORfile88.csvIN FILECONTROLLER
REQUEST CAME FORfile6.csvIN FILECONTROLLER
REQUEST CAME FORfile28.csvIN FILECONTROLLER
REQUEST CAME FORfile15.csvIN FILECONTROLLER
REQUEST CAME FORfile57.csvIN FILECONTROLLER
REQUEST CAME FORfile22.csvIN FILECONTROLLER
REQUEST CAME FORfile9.csvIN FILECONTROLLER
REQUEST CAME FORfile49.csvIN FILECONTROLLER
REQUEST CAME FORfile81.csvIN FILECONTROLLER
REQUEST CAME FORfile14.csvIN FILECONTROLLER
REQUEST CAME FORfile40.csvIN FILECONTROLLER
REQUEST CAME FORfile83.csvIN FILECONTROLLER
REQUEST CAME FORfile39.csvIN FILECONTROLLER
REQUEST CAME FORfile47.csvIN FILECONTROLLER
REQUEST CAME FORfile73.csvIN FILECONTROLLER
REQUEST CAME FORfile91.csvIN FILECONTROLLER
REQUEST CAME FORfile30.csvIN FILECONTROLLER
REQUEST CAME FORfile65.csvIN FILECONTROLLER
REQUEST CAME FORfile71.csvIN FILECONTROLLER
REQUEST CAME FORfile12.csvIN FILECONTROLLER
REQUEST CAME FORfile85.csvIN FILECONTROLLER
REQUEST CAME FORfile42.csvIN FILECONTROLLER
REQUEST CAME FORfile98.csvIN FILECONTROLLER
REQUEST CAME FORfile55.csvIN FILECONTROLLER
REQUEST CAME FORfile10.csvIN FILECONTROLLER
REQUEST CAME FORfile37.csvIN FILECONTROLLER
REQUEST CAME FORfile24.csvIN FILECONTROLLER
REQUEST CAME FORfile67.csvIN FILECONTROLLER
REQUEST CAME FORfile19.csvIN FILECONTROLLER
REQUEST CAME FORfile2.csvIN FILECONTROLLER
REQUEST CAME FORfile27.csvIN FILECONTROLLER
REQUEST CAME FORfile52.csvIN FILECONTROLLER
REQUEST CAME FORfile87.csvIN FILECONTROLLER
REQUEST CAME FORfile35.csvIN FILECONTROLLER
REQUEST CAME FORfile18.csvIN FILECONTROLLER
REQUEST CAME FORfile5.csvIN FILECONTROLLER
REQUEST CAME FORfile44.csvIN FILECONTROLLER
REQUEST CAME FORfile61.csvIN FILECONTROLLER
REQUEST CAME FORfile78.csvIN FILECONTROLLER
REQUEST CAME FORfile95.csvIN FILECONTROLLER
REQUEST CAME FORfile33.csvIN FILECONTROLLER
REQUEST CAME FORfile76.csvIN FILECONTROLLER
REQUEST CAME FORfile46.csvIN FILECONTROLLER
REQUEST CAME FORfile63.csvIN FILECONTROLLER
REQUEST CAME FORfile20.csvIN FILECONTROLLER
REQUEST CAME FORfile7.csvIN FILECONTROLLER
REQUEST CAME FORfile89.csvIN FILECONTROLLER
REQUEST CAME FORfile59.csvIN FILECONTROLLER
REQUEST CAME FORfile16.csvIN FILECONTROLLER
REQUEST CAME FORfile29.csvIN FILECONTROLLER
REQUEST CAME FORfile50.csvIN FILECONTROLLER
REQUEST CAME FORfile93.csvIN FILECONTROLLER
REQUEST CAME FORfile80.csvIN FILECONTROLLER
REQUEST CAME FORfile82.csvIN FILECONTROLLER
REQUEST CAME FORfile74.csvIN FILECONTROLLER
REQUEST CAME FORfile48.csvIN FILECONTROLLER
REQUEST CAME FORfile66.csvIN FILECONTROLLER
REQUEST CAME FORfile31.csvIN FILECONTROLLER
REQUEST CAME FORfile90.csvIN FILECONTROLLER
REQUEST CAME FORfile8.csvIN FILECONTROLLER
REQUEST CAME FORfile99.csvIN FILECONTROLLER
REQUEST CAME FORfile64.csvIN FILECONTROLLER
REQUEST CAME FORfile21.csvIN FILECONTROLLER
REQUEST CAME FORfile56.csvIN FILECONTROLLER
REQUEST CAME FORfile13.csvIN FILECONTROLLER
REQUEST CAME FORfile38.csvIN FILECONTROLLER
REQUEST CAME FORfile100.csvIN FILECONTROLLER
REQUEST CAME FORfile25.csvIN FILECONTROLLER
REQUEST CAME FORfile68.csvIN FILECONTROLLER
REQUEST CAME FORfile1.csvIN FILECONTROLLER
REQUEST CAME FORfile3.csvIN FILECONTROLLER
REQUEST CAME FORfile23.csvIN FILECONTROLLER
REQUEST CAME FORfile72.csvIN FILECONTROLLER
REQUEST CAME FORfile97.csvIN FILECONTROLLER
REQUEST CAME FORfile11.csvIN FILECONTROLLER
REQUEST CAME FORfile84.csvIN FILECONTROLLER
REQUEST CAME FORfile41.csvIN FILECONTROLLER
REQUEST CAME FORfile54.csvIN FILECONTROLLER
REQUEST CAME FORfile60.csvIN FILECONTROLLER
REQUEST CAME FORfile36.csvIN FILECONTROLLER
REQUEST CAME FORfile79.csvIN FILECONTROLLER
REQUEST CAME FORfile53.csvIN FILECONTROLLER
REQUEST CAME FORfile96.csvIN FILECONTROLLER
REQUEST CAME FORfile94.csvIN FILECONTROLLER
REQUEST CAME FORfile26.csvIN FILECONTROLLER
REQUEST CAME FORfile51.csvIN FILECONTROLLER
REQUEST CAME FORfile70.csvIN FILECONTROLLER
REQUEST CAME FORfile77.csvIN FILECONTROLLER
REQUEST CAME FORfile86.csvIN FILECONTROLLER
REQUEST CAME FORfile34.csvIN FILECONTROLLER
REQUEST CAME FORfile17.csvIN FILECONTROLLER
REQUEST CAME FORfile43.csvIN FILECONTROLLER
REQUEST CAME FORfile4.csvIN FILECONTROLLER
REQUEST CAME FORfile69.csvIN FILECONTROLLER
REQUEST CAME FORfile92.csvIN FILECONTROLLER
REQUEST CAME FORfile58.csvIN FILECONTROLLER
REQUEST CAME FORfile45.csvIN FILECONTROLLER
REQUEST CAME FORfile32.csvIN FILECONTROLLER
REQUEST CAME FORfile62.csvIN FILECONTROLLER
REQUEST CAME FORfile75.csvIN FILECONTROLLER
REQUEST CAME FORfile88.csvIN FILECONTROLLER
REQUEST CAME FORfile6.csvIN FILECONTROLLER
REQUEST CAME FORfile28.csvIN FILECONTROLLER
REQUEST CAME FORfile15.csvIN FILECONTROLLER
REQUEST CAME FORfile57.csvIN FILECONTROLLER
REQUEST CAME FORfile22.csvIN FILECONTROLLER
REQUEST CAME FORfile9.csvIN FILECONTROLLER
REQUEST CAME FORfile49.csvIN FILECONTROLLER
REQUEST CAME FORfile81.csvIN FILECONTROLLER
REQUEST CAME FORfile14.csvIN FILECONTROLLER
REQUEST CAME FORfile40.csvIN FILECONTROLLER
REQUEST CAME FORfile83.csvIN FILECONTROLLER
REQUEST CAME FORfile39.csvIN FILECONTROLLER
REQUEST CAME FORfile47.csvIN FILECONTROLLER
REQUEST CAME FORfile73.csvIN FILECONTROLLER
REQUEST CAME FORfile91.csvIN FILECONTROLLER
REQUEST CAME FORfile30.csvIN FILECONTROLLER
REQUEST CAME FORfile65.csvIN FILECONTROLLER
REQUEST CAME FORfile71.csvIN FILECONTROLLER
REQUEST CAME FORfile12.csvIN FILECONTROLLER
REQUEST CAME FORfile85.csvIN FILECONTROLLER
REQUEST CAME FORfile42.csvIN FILECONTROLLER
REQUEST CAME FORfile98.csvIN FILECONTROLLER
REQUEST CAME FORfile55.csvIN FILECONTROLLER
REQUEST CAME FORfile10.csvIN FILECONTROLLER
REQUEST CAME FORfile37.csvIN FILECONTROLLER
REQUEST CAME FORfile24.csvIN FILECONTROLLER
REQUEST CAME FORfile67.csvIN FILECONTROLLER
REQUEST CAME FORfile19.csvIN FILECONTROLLER
REQUEST CAME FORfile2.csvIN FILECONTROLLER
REQUEST CAME FORfile27.csvIN FILECONTROLLER
REQUEST CAME FORfile52.csvIN FILECONTROLLER
REQUEST CAME FORfile87.csvIN FILECONTROLLER
REQUEST CAME FORfile35.csvIN FILECONTROLLER
REQUEST CAME FORfile18.csvIN FILECONTROLLER
REQUEST CAME FORfile5.csvIN FILECONTROLLER
REQUEST CAME FORfile44.csvIN FILECONTROLLER
REQUEST CAME FORfile61.csvIN FILECONTROLLER
REQUEST CAME FORfile78.csvIN FILECONTROLLER
REQUEST CAME FORfile95.csvIN FILECONTROLLER
REQUEST CAME FORfile33.csvIN FILECONTROLLER
REQUEST CAME FORfile76.csvIN FILECONTROLLER
REQUEST CAME FORfile46.csvIN FILECONTROLLER
REQUEST CAME FORfile63.csvIN FILECONTROLLER
REQUEST CAME FORfile20.csvIN FILECONTROLLER
REQUEST CAME FORfile7.csvIN FILECONTROLLER
REQUEST CAME FORfile89.csvIN FILECONTROLLER
REQUEST CAME FORfile59.csvIN FILECONTROLLER
REQUEST CAME FORfile16.csvIN FILECONTROLLER
REQUEST CAME FORfile29.csvIN FILECONTROLLER
REQUEST CAME FORfile50.csvIN FILECONTROLLER
REQUEST CAME FORfile93.csvIN FILECONTROLLER
REQUEST CAME FORfile80.csvIN FILECONTROLLER
REQUEST CAME FORfile82.csvIN FILECONTROLLER
REQUEST CAME FORfile74.csvIN FILECONTROLLER
REQUEST CAME FORfile48.csvIN FILECONTROLLER
REQUEST CAME FORfile66.csvIN FILECONTROLLER
REQUEST CAME FORfile31.csvIN FILECONTROLLER
REQUEST CAME FORfile90.csvIN FILECONTROLLER
REQUEST CAME FORfile8.csvIN FILECONTROLLER
REQUEST CAME FORfile99.csvIN FILECONTROLLER
REQUEST CAME FORfile64.csvIN FILECONTROLLER
REQUEST CAME FORfile21.csvIN FILECONTROLLER
REQUEST CAME FORfile56.csvIN FILECONTROLLER
REQUEST CAME FORfile13.csvIN FILECONTROLLER
REQUEST CAME FORfile38.csvIN FILECONTROLLER
REQUEST CAME FORfile100.csvIN FILECONTROLLER
REQUEST CAME FORfile25.csvIN FILECONTROLLER
REQUEST CAME FORfile68.csvIN FILECONTROLLER
REQUEST CAME FORfile1.csvIN FILECONTROLLER
REQUEST CAME FORfile3.csvIN FILECONTROLLER
REQUEST CAME FORfile23.csvIN FILECONTROLLER
REQUEST CAME FORfile72.csvIN FILECONTROLLER
REQUEST CAME FORfile97.csvIN FILECONTROLLER
REQUEST CAME FORfile11.csvIN FILECONTROLLER
REQUEST CAME FORfile84.csvIN FILECONTROLLER
REQUEST CAME FORfile41.csvIN FILECONTROLLER
REQUEST CAME FORfile54.csvIN FILECONTROLLER
REQUEST CAME FORfile60.csvIN FILECONTROLLER
REQUEST CAME FORfile36.csvIN FILECONTROLLER
REQUEST CAME FORfile79.csvIN FILECONTROLLER
REQUEST CAME FORfile53.csvIN FILECONTROLLER
REQUEST CAME FORfile96.csvIN FILECONTROLLER
REQUEST CAME FORfile94.csvIN FILECONTROLLER
REQUEST CAME FORfile26.csvIN FILECONTROLLER
REQUEST CAME FORfile51.csvIN FILECONTROLLER
REQUEST CAME FORfile70.csvIN FILECONTROLLER
REQUEST CAME FORfile77.csvIN FILECONTROLLER
REQUEST CAME FORfile86.csvIN FILECONTROLLER
REQUEST CAME FORfile34.csvIN FILECONTROLLER
REQUEST CAME FORfile17.csvIN FILECONTROLLER
REQUEST CAME FORfile43.csvIN FILECONTROLLER
REQUEST CAME FORfile4.csvIN FILECONTROLLER
REQUEST CAME FORfile69.csvIN FILECONTROLLER
REQUEST CAME FORfile92.csvIN FILECONTROLLER
REQUEST CAME FORfile58.csvIN FILECONTROLLER
REQUEST CAME FORfile45.csvIN FILECONTROLLER
REQUEST CAME FORfile32.csvIN FILECONTROLLER
REQUEST CAME FORfile62.csvIN FILECONTROLLER
REQUEST CAME FORfile75.csvIN FILECONTROLLER
REQUEST CAME FORfile88.csvIN FILECONTROLLER
REQUEST CAME FORfile6.csvIN FILECONTROLLER
REQUEST CAME FORfile28.csvIN FILECONTROLLER
REQUEST CAME FORfile15.csvIN FILECONTROLLER
REQUEST CAME FORfile57.csvIN FILECONTROLLER
REQUEST CAME FORfile22.csvIN FILECONTROLLER
REQUEST CAME FORfile9.csvIN FILECONTROLLER
REQUEST CAME FORfile49.csvIN FILECONTROLLER
REQUEST CAME FORfile81.csvIN FILECONTROLLER
REQUEST CAME FORfile14.csvIN FILECONTROLLER
REQUEST CAME FORfile40.csvIN FILECONTROLLER
REQUEST CAME FORfile83.csvIN FILECONTROLLER
REQUEST CAME FORfile39.csvIN FILECONTROLLER
REQUEST CAME FORfile47.csvIN FILECONTROLLER
REQUEST CAME FORfile73.csvIN FILECONTROLLER
REQUEST CAME FORfile91.csvIN FILECONTROLLER
REQUEST CAME FORfile30.csvIN FILECONTROLLER
REQUEST CAME FORfile65.csvIN FILECONTROLLER
REQUEST CAME FORfile71.csvIN FILECONTROLLER
REQUEST CAME FORfile12.csvIN FILECONTROLLER
REQUEST CAME FORfile85.csvIN FILECONTROLLER
REQUEST CAME FORfile42.csvIN FILECONTROLLER
REQUEST CAME FORfile98.csvIN FILECONTROLLER
REQUEST CAME FORfile55.csvIN FILECONTROLLER
REQUEST CAME FORfile10.csvIN FILECONTROLLER
REQUEST CAME FORfile37.csvIN FILECONTROLLER
REQUEST CAME FORfile24.csvIN FILECONTROLLER
REQUEST CAME FORfile67.csvIN FILECONTROLLER
REQUEST CAME FORfile19.csvIN FILECONTROLLER
REQUEST CAME FORfile2.csvIN FILECONTROLLER
REQUEST CAME FORfile27.csvIN FILECONTROLLER
REQUEST CAME FORfile52.csvIN FILECONTROLLER
REQUEST CAME FORfile87.csvIN FILECONTROLLER
REQUEST CAME FORfile35.csvIN FILECONTROLLER
REQUEST CAME FORfile18.csvIN FILECONTROLLER
REQUEST CAME FORfile5.csvIN FILECONTROLLER
REQUEST CAME FORfile44.csvIN FILECONTROLLER
REQUEST CAME FORfile61.csvIN FILECONTROLLER
REQUEST CAME FORfile78.csvIN FILECONTROLLER
REQUEST CAME FORfile95.csvIN FILECONTROLLER
REQUEST CAME FORfile33.csvIN FILECONTROLLER
REQUEST CAME FORfile76.csvIN FILECONTROLLER
REQUEST CAME FORfile46.csvIN FILECONTROLLER
REQUEST CAME FORfile63.csvIN FILECONTROLLER
REQUEST CAME FORfile20.csvIN FILECONTROLLER
REQUEST CAME FORfile7.csvIN FILECONTROLLER
REQUEST CAME FORfile89.csvIN FILECONTROLLER
REQUEST CAME FORfile59.csvIN FILECONTROLLER
REQUEST CAME FORfile16.csvIN FILECONTROLLER
REQUEST CAME FORfile29.csvIN FILECONTROLLER
REQUEST CAME FORfile50.csvIN FILECONTROLLER
REQUEST CAME FORfile93.csvIN FILECONTROLLER
REQUEST CAME FORfile80.csvIN FILECONTROLLER
REQUEST CAME FORfile82.csvIN FILECONTROLLER
REQUEST CAME FORfile74.csvIN FILECONTROLLER
REQUEST CAME FORfile48.csvIN FILECONTROLLER
REQUEST CAME FORfile66.csvIN FILECONTROLLER
REQUEST CAME FORfile31.csvIN FILECONTROLLER
REQUEST CAME FORfile90.csvIN FILECONTROLLER
REQUEST CAME FORfile8.csvIN FILECONTROLLER
REQUEST CAME FORfile99.csvIN FILECONTROLLER
REQUEST CAME FORfile64.csvIN FILECONTROLLER
REQUEST CAME FORfile21.csvIN FILECONTROLLER
REQUEST CAME FORfile56.csvIN FILECONTROLLER
REQUEST CAME FORfile13.csvIN FILECONTROLLER
REQUEST CAME FORfile38.csvIN FILECONTROLLER
REQUEST CAME FORfile100.csvIN FILECONTROLLER
REQUEST CAME FORfile25.csvIN FILECONTROLLER
REQUEST CAME FORfile68.csvIN FILECONTROLLER
REQUEST CAME FORfile1.csvIN FILECONTROLLER
REQUEST CAME FORfile3.csvIN FILECONTROLLER
REQUEST CAME FORfile23.csvIN FILECONTROLLER
REQUEST CAME FORfile72.csvIN FILECONTROLLER
REQUEST CAME FORfile97.csvIN FILECONTROLLER
REQUEST CAME FORfile11.csvIN FILECONTROLLER
REQUEST CAME FORfile84.csvIN FILECONTROLLER
REQUEST CAME FORfile41.csvIN FILECONTROLLER
REQUEST CAME FORfile54.csvIN FILECONTROLLER
REQUEST CAME FORfile60.csvIN FILECONTROLLER
REQUEST CAME FORfile36.csvIN FILECONTROLLER
REQUEST CAME FORfile79.csvIN FILECONTROLLER
REQUEST CAME FORfile53.csvIN FILECONTROLLER
REQUEST CAME FORfile96.csvIN FILECONTROLLER
REQUEST CAME FORfile94.csvIN FILECONTROLLER
REQUEST CAME FORfile26.csvIN FILECONTROLLER
REQUEST CAME FORfile51.csvIN FILECONTROLLER
REQUEST CAME FORfile70.csvIN FILECONTROLLER
REQUEST CAME FORfile77.csvIN FILECONTROLLER
REQUEST CAME FORfile86.csvIN FILECONTROLLER
REQUEST CAME FORfile34.csvIN FILECONTROLLER
REQUEST CAME FORfile17.csvIN FILECONTROLLER
REQUEST CAME FORfile43.csvIN FILECONTROLLER
REQUEST CAME FORfile4.csvIN FILECONTROLLER
REQUEST CAME FORfile69.csvIN FILECONTROLLER
REQUEST CAME FORfile92.csvIN FILECONTROLLER
REQUEST CAME FORfile58.csvIN FILECONTROLLER
REQUEST CAME FORfile45.csvIN FILECONTROLLER
REQUEST CAME FORfile32.csvIN FILECONTROLLER
REQUEST CAME FORfile62.csvIN FILECONTROLLER
REQUEST CAME FORfile75.csvIN FILECONTROLLER
REQUEST CAME FORfile88.csvIN FILECONTROLLER
REQUEST CAME FORfile6.csvIN FILECONTROLLER
REQUEST CAME FORfile28.csvIN FILECONTROLLER
REQUEST CAME FORfile15.csvIN FILECONTROLLER
REQUEST CAME FORfile57.csvIN FILECONTROLLER
REQUEST CAME FORfile22.csvIN FILECONTROLLER
REQUEST CAME FORfile9.csvIN FILECONTROLLER
REQUEST CAME FORfile49.csvIN FILECONTROLLER
REQUEST CAME FORfile81.csvIN FILECONTROLLER
REQUEST CAME FORfile14.csvIN FILECONTROLLER
REQUEST CAME FORfile40.csvIN FILECONTROLLER
REQUEST CAME FORfile83.csvIN FILECONTROLLER
REQUEST CAME FORfile39.csvIN FILECONTROLLER
REQUEST CAME FORfile47.csvIN FILECONTROLLER
REQUEST CAME FORfile73.csvIN FILECONTROLLER
REQUEST CAME FORfile91.csvIN FILECONTROLLER
REQUEST CAME FORfile30.csvIN FILECONTROLLER
REQUEST CAME FORfile65.csvIN FILECONTROLLER
REQUEST CAME FORfile71.csvIN FILECONTROLLER
REQUEST CAME FORfile12.csvIN FILECONTROLLER
REQUEST CAME FORfile85.csvIN FILECONTROLLER
REQUEST CAME FORfile42.csvIN FILECONTROLLER
REQUEST CAME FORfile98.csvIN FILECONTROLLER
REQUEST CAME FORfile55.csvIN FILECONTROLLER
REQUEST CAME FORfile10.csvIN FILECONTROLLER
REQUEST CAME FORfile37.csvIN FILECONTROLLER
REQUEST CAME FORfile24.csvIN FILECONTROLLER
REQUEST CAME FORfile67.csvIN FILECONTROLLER
REQUEST CAME FORfile19.csvIN FILECONTROLLER
REQUEST CAME FORfile2.csvIN FILECONTROLLER
REQUEST CAME FORfile27.csvIN FILECONTROLLER
REQUEST CAME FORfile52.csvIN FILECONTROLLER
REQUEST CAME FORfile87.csvIN FILECONTROLLER
REQUEST CAME FORfile35.csvIN FILECONTROLLER
REQUEST CAME FORfile18.csvIN FILECONTROLLER
REQUEST CAME FORfile5.csvIN FILECONTROLLER
REQUEST CAME FORfile44.csvIN FILECONTROLLER
REQUEST CAME FORfile61.csvIN FILECONTROLLER
REQUEST CAME FORfile78.csvIN FILECONTROLLER
REQUEST CAME FORfile95.csvIN FILECONTROLLER
REQUEST CAME FORfile33.csvIN FILECONTROLLER
REQUEST CAME FORfile76.csvIN FILECONTROLLER
REQUEST CAME FORfile46.csvIN FILECONTROLLER
REQUEST CAME FORfile63.csvIN FILECONTROLLER
REQUEST CAME FORfile20.csvIN FILECONTROLLER
REQUEST CAME FORfile7.csvIN FILECONTROLLER
REQUEST CAME FORfile89.csvIN FILECONTROLLER
REQUEST CAME FORfile59.csvIN FILECONTROLLER
REQUEST CAME FORfile16.csvIN FILECONTROLLER
REQUEST CAME FORfile29.csvIN FILECONTROLLER
REQUEST CAME FORfile50.csvIN FILECONTROLLER
REQUEST CAME FORfile93.csvIN FILECONTROLLER
REQUEST CAME FORfile80.csvIN FILECONTROLLER
REQUEST CAME FORfile82.csvIN FILECONTROLLER
REQUEST CAME FORfile74.csvIN FILECONTROLLER
REQUEST CAME FORfile48.csvIN FILECONTROLLER
REQUEST CAME FORfile66.csvIN FILECONTROLLER
REQUEST CAME FORfile31.csvIN FILECONTROLLER
REQUEST CAME FORfile90.csvIN FILECONTROLLER
REQUEST CAME FORfile8.csvIN FILECONTROLLER
REQUEST CAME FORfile99.csvIN FILECONTROLLER
REQUEST CAME FORfile64.csvIN FILECONTROLLER
REQUEST CAME FORfile21.csvIN FILECONTROLLER
REQUEST CAME FORfile56.csvIN FILECONTROLLER
REQUEST CAME FORfile13.csvIN FILECONTROLLER
REQUEST CAME FORfile38.csvIN FILECONTROLLER
REQUEST CAME FORfile100.csvIN FILECONTROLLER
REQUEST CAME FORfile25.csvIN FILECONTROLLER
REQUEST CAME FORfile68.csvIN FILECONTROLLER
REQUEST CAME FORfile1.csvIN FILECONTROLLER
REQUEST CAME FORfile3.csvIN FILECONTROLLER
REQUEST CAME FORfile23.csvIN FILECONTROLLER
REQUEST CAME FORfile72.csvIN FILECONTROLLER
REQUEST CAME FORfile97.csvIN FILECONTROLLER
REQUEST CAME FORfile11.csvIN FILECONTROLLER
REQUEST CAME FORfile84.csvIN FILECONTROLLER
REQUEST CAME FORfile41.csvIN FILECONTROLLER
REQUEST CAME FORfile54.csvIN FILECONTROLLER
REQUEST CAME FORfile60.csvIN FILECONTROLLER
REQUEST CAME FORfile36.csvIN FILECONTROLLER
REQUEST CAME FORfile79.csvIN FILECONTROLLER
REQUEST CAME FORfile53.csvIN FILECONTROLLER
REQUEST CAME FORfile96.csvIN FILECONTROLLER
REQUEST CAME FORfile94.csvIN FILECONTROLLER
REQUEST CAME FORfile26.csvIN FILECONTROLLER
REQUEST CAME FORfile51.csvIN FILECONTROLLER
REQUEST CAME FORfile70.csvIN FILECONTROLLER
REQUEST CAME FORfile77.csvIN FILECONTROLLER
REQUEST CAME FORfile86.csvIN FILECONTROLLER
REQUEST CAME FORfile34.csvIN FILECONTROLLER
REQUEST CAME FORfile17.csvIN FILECONTROLLER
REQUEST CAME FORfile43.csvIN FILECONTROLLER
REQUEST CAME FORfile4.csvIN FILECONTROLLER
REQUEST CAME FORfile69.csvIN FILECONTROLLER
REQUEST CAME FORfile92.csvIN FILECONTROLLER
REQUEST CAME FORfile58.csvIN FILECONTROLLER
REQUEST CAME FORfile45.csvIN FILECONTROLLER
REQUEST CAME FORfile32.csvIN FILECONTROLLER
REQUEST CAME FORfile62.csvIN FILECONTROLLER
REQUEST CAME FORfile75.csvIN FILECONTROLLER
REQUEST CAME FORfile88.csvIN FILECONTROLLER
REQUEST CAME FORfile6.csvIN FILECONTROLLER
REQUEST CAME FORfile28.csvIN FILECONTROLLER
REQUEST CAME FORfile15.csvIN FILECONTROLLER
REQUEST CAME FORfile57.csvIN FILECONTROLLER
REQUEST CAME FORfile22.csvIN FILECONTROLLER
REQUEST CAME FORfile9.csvIN FILECONTROLLER
REQUEST CAME FORfile49.csvIN FILECONTROLLER
REQUEST CAME FORfile81.csvIN FILECONTROLLER
REQUEST CAME FORfile14.csvIN FILECONTROLLER
REQUEST CAME FORfile40.csvIN FILECONTROLLER
REQUEST CAME FORfile83.csvIN FILECONTROLLER
REQUEST CAME FORfile39.csvIN FILECONTROLLER
REQUEST CAME FORfile47.csvIN FILECONTROLLER
REQUEST CAME FORfile73.csvIN FILECONTROLLER
REQUEST CAME FORfile91.csvIN FILECONTROLLER
REQUEST CAME FORfile30.csvIN FILECONTROLLER
REQUEST CAME FORfile65.csvIN FILECONTROLLER
REQUEST CAME FORfile71.csvIN FILECONTROLLER
REQUEST CAME FORfile12.csvIN FILECONTROLLER
REQUEST CAME FORfile85.csvIN FILECONTROLLER
REQUEST CAME FORfile42.csvIN FILECONTROLLER
REQUEST CAME FORfile98.csvIN FILECONTROLLER
REQUEST CAME FORfile55.csvIN FILECONTROLLER
REQUEST CAME FORfile10.csvIN FILECONTROLLER
REQUEST CAME FORfile37.csvIN FILECONTROLLER
REQUEST CAME FORfile24.csvIN FILECONTROLLER
REQUEST CAME FORfile67.csvIN FILECONTROLLER
REQUEST CAME FORfile19.csvIN FILECONTROLLER
REQUEST CAME FORfile2.csvIN FILECONTROLLER
REQUEST CAME FORfile27.csvIN FILECONTROLLER
REQUEST CAME FORfile52.csvIN FILECONTROLLER
REQUEST CAME FORfile87.csvIN FILECONTROLLER
REQUEST CAME FORfile35.csvIN FILECONTROLLER
REQUEST CAME FORfile18.csvIN FILECONTROLLER
REQUEST CAME FORfile5.csvIN FILECONTROLLER
REQUEST CAME FORfile44.csvIN FILECONTROLLER
REQUEST CAME FORfile61.csvIN FILECONTROLLER
REQUEST CAME FORfile78.csvIN FILECONTROLLER
REQUEST CAME FORfile95.csvIN FILECONTROLLER
REQUEST CAME FORfile33.csvIN FILECONTROLLER
REQUEST CAME FORfile76.csvIN FILECONTROLLER
REQUEST CAME FORfile46.csvIN FILECONTROLLER
REQUEST CAME FORfile63.csvIN FILECONTROLLER
REQUEST CAME FORfile20.csvIN FILECONTROLLER
REQUEST CAME FORfile7.csvIN FILECONTROLLER
REQUEST CAME FORfile89.csvIN FILECONTROLLER
REQUEST CAME FORfile59.csvIN FILECONTROLLER
REQUEST CAME FORfile16.csvIN FILECONTROLLER
REQUEST CAME FORfile29.csvIN FILECONTROLLER
REQUEST CAME FORfile50.csvIN FILECONTROLLER
REQUEST CAME FORfile93.csvIN FILECONTROLLER
REQUEST CAME FORfile80.csvIN FILECONTROLLER
REQUEST CAME FORfile82.csvIN FILECONTROLLER
REQUEST CAME FORfile74.csvIN FILECONTROLLER
REQUEST CAME FORfile48.csvIN FILECONTROLLER
REQUEST CAME FORfile66.csvIN FILECONTROLLER
REQUEST CAME FORfile31.csvIN FILECONTROLLER
REQUEST CAME FORfile90.csvIN FILECONTROLLER
REQUEST CAME FORfile8.csvIN FILECONTROLLER
REQUEST CAME FORfile99.csvIN FILECONTROLLER
REQUEST CAME FORfile64.csvIN FILECONTROLLER
REQUEST CAME FORfile21.csvIN FILECONTROLLER
REQUEST CAME FORfile56.csvIN FILECONTROLLER
REQUEST CAME FORfile13.csvIN FILECONTROLLER
REQUEST CAME FORfile38.csvIN FILECONTROLLER
REQUEST CAME FORfile100.csvIN FILECONTROLLER
REQUEST CAME FORfile25.csvIN FILECONTROLLER
REQUEST CAME FORfile68.csvIN FILECONTROLLER
REQUEST CAME FORfile1.csvIN FILECONTROLLER
REQUEST CAME FORfile3.csvIN FILECONTROLLER
REQUEST CAME FORfile23.csvIN FILECONTROLLER
REQUEST CAME FORfile72.csvIN FILECONTROLLER
REQUEST CAME FORfile97.csvIN FILECONTROLLER
REQUEST CAME FORfile11.csvIN FILECONTROLLER
REQUEST CAME FORfile84.csvIN FILECONTROLLER
REQUEST CAME FORfile41.csvIN FILECONTROLLER
REQUEST CAME FORfile54.csvIN FILECONTROLLER
REQUEST CAME FORfile60.csvIN FILECONTROLLER
REQUEST CAME FORfile36.csvIN FILECONTROLLER
REQUEST CAME FORfile79.csvIN FILECONTROLLER
REQUEST CAME FORfile53.csvIN FILECONTROLLER
REQUEST CAME FORfile96.csvIN FILECONTROLLER
REQUEST CAME FORfile94.csvIN FILECONTROLLER
REQUEST CAME FORfile26.csvIN FILECONTROLLER
REQUEST CAME FORfile51.csvIN FILECONTROLLER
REQUEST CAME FORfile70.csvIN FILECONTROLLER
REQUEST CAME FORfile77.csvIN FILECONTROLLER
REQUEST CAME FORfile86.csvIN FILECONTROLLER
REQUEST CAME FORfile34.csvIN FILECONTROLLER
REQUEST CAME FORfile17.csvIN FILECONTROLLER
REQUEST CAME FORfile43.csvIN FILECONTROLLER
REQUEST CAME FORfile4.csvIN FILECONTROLLER
REQUEST CAME FORfile69.csvIN FILECONTROLLER
REQUEST CAME FORfile92.csvIN FILECONTROLLER
REQUEST CAME FORfile58.csvIN FILECONTROLLER
REQUEST CAME FORfile45.csvIN FILECONTROLLER
REQUEST CAME FORfile32.csvIN FILECONTROLLER
REQUEST CAME FORfile62.csvIN FILECONTROLLER
REQUEST CAME FORfile75.csvIN FILECONTROLLER
REQUEST CAME FORfile88.csvIN FILECONTROLLER
REQUEST CAME FORfile6.csvIN FILECONTROLLER
REQUEST CAME FORfile28.csvIN FILECONTROLLER
REQUEST CAME FORfile15.csvIN FILECONTROLLER
REQUEST CAME FORfile57.csvIN FILECONTROLLER
REQUEST CAME FORfile22.csvIN FILECONTROLLER
REQUEST CAME FORfile9.csvIN FILECONTROLLER
REQUEST CAME FORfile49.csvIN FILECONTROLLER
REQUEST CAME FORfile81.csvIN FILECONTROLLER
REQUEST CAME FORfile14.csvIN FILECONTROLLER
REQUEST CAME FORfile40.csvIN FILECONTROLLER
REQUEST CAME FORfile83.csvIN FILECONTROLLER
REQUEST CAME FORfile39.csvIN FILECONTROLLER
REQUEST CAME FORfile47.csvIN FILECONTROLLER
REQUEST CAME FORfile73.csvIN FILECONTROLLER
REQUEST CAME FORfile91.csvIN FILECONTROLLER
REQUEST CAME FORfile30.csvIN FILECONTROLLER
REQUEST CAME FORfile65.csvIN FILECONTROLLER
REQUEST CAME FORfile71.csvIN FILECONTROLLER
REQUEST CAME FORfile12.csvIN FILECONTROLLER
REQUEST CAME FORfile85.csvIN FILECONTROLLER
REQUEST CAME FORfile42.csvIN FILECONTROLLER
REQUEST CAME FORfile98.csvIN FILECONTROLLER
REQUEST CAME FORfile55.csvIN FILECONTROLLER
REQUEST CAME FORfile10.csvIN FILECONTROLLER
REQUEST CAME FORfile37.csvIN FILECONTROLLER
REQUEST CAME FORfile24.csvIN FILECONTROLLER
REQUEST CAME FORfile67.csvIN FILECONTROLLER
REQUEST CAME FORfile19.csvIN FILECONTROLLER
REQUEST CAME FORfile2.csvIN FILECONTROLLER
REQUEST CAME FORfile27.csvIN FILECONTROLLER
REQUEST CAME FORfile52.csvIN FILECONTROLLER
REQUEST CAME FORfile87.csvIN FILECONTROLLER
REQUEST CAME FORfile35.csvIN FILECONTROLLER
REQUEST CAME FORfile18.csvIN FILECONTROLLER
REQUEST CAME FORfile5.csvIN FILECONTROLLER
REQUEST CAME FORfile44.csvIN FILECONTROLLER
REQUEST CAME FORfile61.csvIN FILECONTROLLER
REQUEST CAME FORfile78.csvIN FILECONTROLLER
REQUEST CAME FORfile95.csvIN FILECONTROLLER
REQUEST CAME FORfile33.csvIN FILECONTROLLER
REQUEST CAME FORfile76.csvIN FILECONTROLLER
REQUEST CAME FORfile46.csvIN FILECONTROLLER
REQUEST CAME FORfile63.csvIN FILECONTROLLER
REQUEST CAME FORfile20.csvIN FILECONTROLLER
REQUEST CAME FORfile7.csvIN FILECONTROLLER
REQUEST CAME FORfile89.csvIN FILECONTROLLER
REQUEST CAME FORfile59.csvIN FILECONTROLLER
REQUEST CAME FORfile16.csvIN FILECONTROLLER
REQUEST CAME FORfile29.csvIN FILECONTROLLER
REQUEST CAME FORfile50.csvIN FILECONTROLLER
REQUEST CAME FORfile93.csvIN FILECONTROLLER
REQUEST CAME FORfile80.csvIN FILECONTROLLER
REQUEST CAME FORfile82.csvIN FILECONTROLLER
REQUEST CAME FORfile74.csvIN FILECONTROLLER
REQUEST CAME FORfile48.csvIN FILECONTROLLER
REQUEST CAME FORfile66.csvIN FILECONTROLLER
REQUEST CAME FORfile31.csvIN FILECONTROLLER
REQUEST CAME FORfile90.csvIN FILECONTROLLER
REQUEST CAME FORfile8.csvIN FILECONTROLLER
REQUEST CAME FORfile99.csvIN FILECONTROLLER
REQUEST CAME FORfile64.csvIN FILECONTROLLER
REQUEST CAME FORfile21.csvIN FILECONTROLLER
REQUEST CAME FORfile56.csvIN FILECONTROLLER
REQUEST CAME FORfile13.csvIN FILECONTROLLER
REQUEST CAME FORfile38.csvIN FILECONTROLLER
REQUEST CAME FORfile100.csvIN FILECONTROLLER
REQUEST CAME FORfile25.csvIN FILECONTROLLER
REQUEST CAME FORfile68.csvIN FILECONTROLLER
REQUEST CAME FORfile1.csvIN FILECONTROLLER
REQUEST CAME FORfile3.csvIN FILECONTROLLER
REQUEST CAME FORfile23.csvIN FILECONTROLLER
REQUEST CAME FORfile72.csvIN FILECONTROLLER
REQUEST CAME FORfile97.csvIN FILECONTROLLER
REQUEST CAME FORfile11.csvIN FILECONTROLLER
REQUEST CAME FORfile84.csvIN FILECONTROLLER
REQUEST CAME FORfile41.csvIN FILECONTROLLER
REQUEST CAME FORfile54.csvIN FILECONTROLLER
REQUEST CAME FORfile60.csvIN FILECONTROLLER
REQUEST CAME FORfile36.csvIN FILECONTROLLER
REQUEST CAME FORfile79.csvIN FILECONTROLLER
REQUEST CAME FORfile53.csvIN FILECONTROLLER
REQUEST CAME FORfile96.csvIN FILECONTROLLER
REQUEST CAME FORfile94.csvIN FILECONTROLLER
REQUEST CAME FORfile26.csvIN FILECONTROLLER
REQUEST CAME FORfile51.csvIN FILECONTROLLER
REQUEST CAME FORfile70.csvIN FILECONTROLLER
REQUEST CAME FORfile77.csvIN FILECONTROLLER
REQUEST CAME FORfile86.csvIN FILECONTROLLER
REQUEST CAME FORfile34.csvIN FILECONTROLLER
REQUEST CAME FORfile17.csvIN FILECONTROLLER
REQUEST CAME FORfile43.csvIN FILECONTROLLER
REQUEST CAME FORfile4.csvIN FILECONTROLLER
REQUEST CAME FORfile69.csvIN FILECONTROLLER
REQUEST CAME FORfile92.csvIN FILECONTROLLER
REQUEST CAME FORfile58.csvIN FILECONTROLLER
REQUEST CAME FORfile45.csvIN FILECONTROLLER
REQUEST CAME FORfile32.csvIN FILECONTROLLER
REQUEST CAME FORfile62.csvIN FILECONTROLLER
REQUEST CAME FORfile75.csvIN FILECONTROLLER
REQUEST CAME FORfile88.csvIN FILECONTROLLER
REQUEST CAME FORfile6.csvIN FILECONTROLLER
REQUEST CAME FORfile28.csvIN FILECONTROLLER
REQUEST CAME FORfile15.csvIN FILECONTROLLER
REQUEST CAME FORfile57.csvIN FILECONTROLLER
REQUEST CAME FORfile22.csvIN FILECONTROLLER
REQUEST CAME FORfile9.csvIN FILECONTROLLER
REQUEST CAME FORfile49.csvIN FILECONTROLLER
REQUEST CAME FORfile81.csvIN FILECONTROLLER
REQUEST CAME FORfile14.csvIN FILECONTROLLER
REQUEST CAME FORfile40.csvIN FILECONTROLLER
REQUEST CAME FORfile83.csvIN FILECONTROLLER
REQUEST CAME FORfile39.csvIN FILECONTROLLER
REQUEST CAME FORfile47.csvIN FILECONTROLLER
REQUEST CAME FORfile73.csvIN FILECONTROLLER
REQUEST CAME FORfile91.csvIN FILECONTROLLER
REQUEST CAME FORfile30.csvIN FILECONTROLLER
REQUEST CAME FORfile65.csvIN FILECONTROLLER
REQUEST CAME FORfile71.csvIN FILECONTROLLER
REQUEST CAME FORfile12.csvIN FILECONTROLLER
REQUEST CAME FORfile85.csvIN FILECONTROLLER
REQUEST CAME FORfile42.csvIN FILECONTROLLER
REQUEST CAME FORfile98.csvIN FILECONTROLLER
REQUEST CAME FORfile55.csvIN FILECONTROLLER
REQUEST CAME FORfile10.csvIN FILECONTROLLER
REQUEST CAME FORfile37.csvIN FILECONTROLLER
REQUEST CAME FORfile24.csvIN FILECONTROLLER
REQUEST CAME FORfile67.csvIN FILECONTROLLER
REQUEST CAME FORfile19.csvIN FILECONTROLLER
REQUEST CAME FORfile2.csvIN FILECONTROLLER
REQUEST CAME FORfile27.csvIN FILECONTROLLER
REQUEST CAME FORfile52.csvIN FILECONTROLLER
REQUEST CAME FORfile87.csvIN FILECONTROLLER
REQUEST CAME FORfile35.csvIN FILECONTROLLER
REQUEST CAME FORfile18.csvIN FILECONTROLLER
REQUEST CAME FORfile5.csvIN FILECONTROLLER
REQUEST CAME FORfile44.csvIN FILECONTROLLER
REQUEST CAME FORfile61.csvIN FILECONTROLLER
REQUEST CAME FORfile78.csvIN FILECONTROLLER
REQUEST CAME FORfile95.csvIN FILECONTROLLER
REQUEST CAME FORfile33.csvIN FILECONTROLLER
REQUEST CAME FORfile76.csvIN FILECONTROLLER
REQUEST CAME FORfile46.csvIN FILECONTROLLER
REQUEST CAME FORfile63.csvIN FILECONTROLLER
REQUEST CAME FORfile20.csvIN FILECONTROLLER
REQUEST CAME FORfile7.csvIN FILECONTROLLER
REQUEST CAME FORfile89.csvIN FILECONTROLLER
REQUEST CAME FORfile59.csvIN FILECONTROLLER
REQUEST CAME FORfile16.csvIN FILECONTROLLER
REQUEST CAME FORfile29.csvIN FILECONTROLLER
REQUEST CAME FORfile50.csvIN FILECONTROLLER
REQUEST CAME FORfile93.csvIN FILECONTROLLER
REQUEST CAME FORfile80.csvIN FILECONTROLLER
REQUEST CAME FORfile82.csvIN FILECONTROLLER
REQUEST CAME FORfile74.csvIN FILECONTROLLER
REQUEST CAME FORfile48.csvIN FILECONTROLLER
REQUEST CAME FORfile66.csvIN FILECONTROLLER
REQUEST CAME FORfile31.csvIN FILECONTROLLER
REQUEST CAME FORfile90.csvIN FILECONTROLLER
REQUEST CAME FORfile8.csvIN FILECONTROLLER
REQUEST CAME FORfile99.csvIN FILECONTROLLER
REQUEST CAME FORfile64.csvIN FILECONTROLLER
REQUEST CAME FORfile21.csvIN FILECONTROLLER
REQUEST CAME FORfile56.csvIN FILECONTROLLER
REQUEST CAME FORfile13.csvIN FILECONTROLLER
REQUEST CAME FORfile38.csvIN FILECONTROLLER
REQUEST CAME FORfile100.csvIN FILECONTROLLER
REQUEST CAME FORfile25.csvIN FILECONTROLLER
REQUEST CAME FORfile68.csvIN FILECONTROLLER
REQUEST CAME FORfile1.csvIN FILECONTROLLER
REQUEST CAME FORfile3.csvIN FILECONTROLLER
REQUEST CAME FORfile23.csvIN FILECONTROLLER
REQUEST CAME FORfile72.csvIN FILECONTROLLER
REQUEST CAME FORfile97.csvIN FILECONTROLLER
REQUEST CAME FORfile11.csvIN FILECONTROLLER
REQUEST CAME FORfile84.csvIN FILECONTROLLER
REQUEST CAME FORfile41.csvIN FILECONTROLLER
REQUEST CAME FORfile54.csvIN FILECONTROLLER
REQUEST CAME FORfile60.csvIN FILECONTROLLER
REQUEST CAME FORfile36.csvIN FILECONTROLLER
REQUEST CAME FORfile79.csvIN FILECONTROLLER
REQUEST CAME FORfile53.csvIN FILECONTROLLER
REQUEST CAME FORfile96.csvIN FILECONTROLLER
REQUEST CAME FORfile94.csvIN FILECONTROLLER
REQUEST CAME FORfile26.csvIN FILECONTROLLER
REQUEST CAME FORfile51.csvIN FILECONTROLLER
REQUEST CAME FORfile70.csvIN FILECONTROLLER
REQUEST CAME FORfile77.csvIN FILECONTROLLER
REQUEST CAME FORfile86.csvIN FILECONTROLLER
REQUEST CAME FORfile34.csvIN FILECONTROLLER
REQUEST CAME FORfile17.csvIN FILECONTROLLER
REQUEST CAME FORfile43.csvIN FILECONTROLLER
REQUEST CAME FORfile4.csvIN FILECONTROLLER
REQUEST CAME FORfile69.csvIN FILECONTROLLER
REQUEST CAME FORfile92.csvIN FILECONTROLLER
REQUEST CAME FORfile58.csvIN FILECONTROLLER
REQUEST CAME FORfile45.csvIN FILECONTROLLER
REQUEST CAME FORfile32.csvIN FILECONTROLLER
REQUEST CAME FORfile62.csvIN FILECONTROLLER
REQUEST CAME FORfile75.csvIN FILECONTROLLER
REQUEST CAME FORfile88.csvIN FILECONTROLLER
REQUEST CAME FORfile6.csvIN FILECONTROLLER
REQUEST CAME FORfile28.csvIN FILECONTROLLER
REQUEST CAME FORfile15.csvIN FILECONTROLLER
REQUEST CAME FORfile57.csvIN FILECONTROLLER
REQUEST CAME FORfile22.csvIN FILECONTROLLER
REQUEST CAME FORfile9.csvIN FILECONTROLLER
REQUEST CAME FORfile49.csvIN FILECONTROLLER
REQUEST CAME FORfile81.csvIN FILECONTROLLER
REQUEST CAME FORfile14.csvIN FILECONTROLLER
REQUEST CAME FORfile40.csvIN FILECONTROLLER
REQUEST CAME FORfile83.csvIN FILECONTROLLER
REQUEST CAME FORfile39.csvIN FILECONTROLLER
REQUEST CAME FORfile47.csvIN FILECONTROLLER
REQUEST CAME FORfile73.csvIN FILECONTROLLER
REQUEST CAME FORfile91.csvIN FILECONTROLLER
REQUEST CAME FORfile30.csvIN FILECONTROLLER
REQUEST CAME FORfile65.csvIN FILECONTROLLER
REQUEST CAME FORfile71.csvIN FILECONTROLLER
REQUEST CAME FORfile12.csvIN FILECONTROLLER
REQUEST CAME FORfile85.csvIN FILECONTROLLER
REQUEST CAME FORfile42.csvIN FILECONTROLLER
REQUEST CAME FORfile98.csvIN FILECONTROLLER
REQUEST CAME FORfile55.csvIN FILECONTROLLER
REQUEST CAME FORfile10.csvIN FILECONTROLLER
REQUEST CAME FORfile37.csvIN FILECONTROLLER
REQUEST CAME FORfile24.csvIN FILECONTROLLER
REQUEST CAME FORfile67.csvIN FILECONTROLLER
REQUEST CAME FORfile19.csvIN FILECONTROLLER
REQUEST CAME FORfile2.csvIN FILECONTROLLER
REQUEST CAME FORfile27.csvIN FILECONTROLLER
REQUEST CAME FORfile52.csvIN FILECONTROLLER
REQUEST CAME FORfile87.csvIN FILECONTROLLER
REQUEST CAME FORfile35.csvIN FILECONTROLLER
REQUEST CAME FORfile18.csvIN FILECONTROLLER
REQUEST CAME FORfile5.csvIN FILECONTROLLER
REQUEST CAME FORfile44.csvIN FILECONTROLLER
REQUEST CAME FORfile61.csvIN FILECONTROLLER
REQUEST CAME FORfile78.csvIN FILECONTROLLER
REQUEST CAME FORfile95.csvIN FILECONTROLLER
REQUEST CAME FORfile33.csvIN FILECONTROLLER
REQUEST CAME FORfile76.csvIN FILECONTROLLER
REQUEST CAME FORfile46.csvIN FILECONTROLLER
REQUEST CAME FORfile63.csvIN FILECONTROLLER
REQUEST CAME FORfile20.csvIN FILECONTROLLER
REQUEST CAME FORfile7.csvIN FILECONTROLLER
REQUEST CAME FORfile89.csvIN FILECONTROLLER
REQUEST CAME FORfile59.csvIN FILECONTROLLER
REQUEST CAME FORfile16.csvIN FILECONTROLLER
REQUEST CAME FORfile29.csvIN FILECONTROLLER
REQUEST CAME FORfile50.csvIN FILECONTROLLER
REQUEST CAME FORfile93.csvIN FILECONTROLLER
REQUEST CAME FORfile80.csvIN FILECONTROLLER
REQUEST CAME FORfile82.csvIN FILECONTROLLER
REQUEST CAME FORfile74.csvIN FILECONTROLLER
REQUEST CAME FORfile48.csvIN FILECONTROLLER
REQUEST CAME FORfile66.csvIN FILECONTROLLER
REQUEST CAME FORfile31.csvIN FILECONTROLLER
REQUEST CAME FORfile90.csvIN FILECONTROLLER
REQUEST CAME FORfile8.csvIN FILECONTROLLER
REQUEST CAME FORfile99.csvIN FILECONTROLLER
REQUEST CAME FORfile64.csvIN FILECONTROLLER
REQUEST CAME FORfile21.csvIN FILECONTROLLER
REQUEST CAME FORfile56.csvIN FILECONTROLLER
REQUEST CAME FORfile13.csvIN FILECONTROLLER
REQUEST CAME FORfile38.csvIN FILECONTROLLER
REQUEST CAME FORfile100.csvIN FILECONTROLLER
REQUEST CAME FORfile25.csvIN FILECONTROLLER
REQUEST CAME FORfile68.csvIN FILECONTROLLER
REQUEST CAME FORfile1.csvIN FILECONTROLLER
REQUEST CAME FORfile3.csvIN FILECONTROLLER
REQUEST CAME FORfile23.csvIN FILECONTROLLER
REQUEST CAME FORfile72.csvIN FILECONTROLLER
REQUEST CAME FORfile97.csvIN FILECONTROLLER
REQUEST CAME FORfile11.csvIN FILECONTROLLER
REQUEST CAME FORfile84.csvIN FILECONTROLLER
REQUEST CAME FORfile41.csvIN FILECONTROLLER
REQUEST CAME FORfile54.csvIN FILECONTROLLER
REQUEST CAME FORfile60.csvIN FILECONTROLLER
REQUEST CAME FORfile36.csvIN FILECONTROLLER
REQUEST CAME FORfile79.csvIN FILECONTROLLER
REQUEST CAME FORfile53.csvIN FILECONTROLLER
REQUEST CAME FORfile96.csvIN FILECONTROLLER
REQUEST CAME FORfile94.csvIN FILECONTROLLER
REQUEST CAME FORfile26.csvIN FILECONTROLLER
REQUEST CAME FORfile51.csvIN FILECONTROLLER
REQUEST CAME FORfile70.csvIN FILECONTROLLER
REQUEST CAME FORfile77.csvIN FILECONTROLLER
REQUEST CAME FORfile86.csvIN FILECONTROLLER
[INFO] Scanning for projects...
[INFO] 
[INFO] ----------------------< com.aakasmat:SpringMVCsb >----------------------
[INFO] Building EngineProjectE6-1 0.0.1-SNAPSHOT
[INFO]   from pom.xml
[INFO] --------------------------------[ jar ]---------------------------------
[INFO] ------------------------------------------------------------------------
[INFO] BUILD FAILURE
[INFO] ------------------------------------------------------------------------
[INFO] Total time:  0.485 s
[INFO] Finished at: 2024-11-02T04:01:31+05:30
[INFO] ------------------------------------------------------------------------
[ERROR] Unknown lifecycle phase "9002". You must specify a valid lifecycle phase or a goal in the format <plugin-prefix>:<goal> or <plugin-group-id>:<plugin-artifact-id>[:<plugin-version>]:<goal>. Available lifecycle phases are: pre-clean, clean, post-clean, validate, initialize, generate-sources, process-sources, generate-resources, process-resources, compile, process-classes, generate-test-sources, process-test-sources, generate-test-resources, process-test-resources, test-compile, process-test-classes, test, prepare-package, package, pre-integration-test, integration-test, post-integration-test, verify, install, deploy, pre-site, site, post-site, site-deploy. -> [Help 1]
[ERROR] 
[ERROR] To see the full stack trace of the errors, re-run Maven with the -e switch.
[ERROR] Re-run Maven using the -X switch to enable full debug logging.
[ERROR] 
[ERROR] For more information about the errors and possible solutions, please read the following articles:
[ERROR] [Help 1] http://cwiki.apache.org/confluence/display/MAVEN/LifecyclePhaseNotFoundException
